#######################################################
Query: [/data/fuad/magiq_data/paracoder_lubm1B/encoded_queries/l1.q_encoded]
========
Node to qnode:
    (12797256->0) (23321407->1) (24807258->2) (?x->3) (?y->4) (?z->5)
Equal pairs:
    (6->3)
Edges:
    {(3,0)->2} {(3,4)->8} {(4,2)->2} {(5,1)->2} {(5,4)->6}
    {(6,5)->15}
Directed adjacency list:
    0()  1()  2()  3(5,0,4)  4(2)  5(4,1)
Tree adjacency list:
    0(3)  1(5)  2(4)  3(0,4)  4(2,3,5)  5(6,1,4)  6(5)
========
DDFS walk:
    (0,3) (3,4) (4,2) (4,5) (5,1) (5,6) (5,4) (4,3) (3,0)
=========================================================
Query plan:
m_(0,3) = {1@(12797256,12797256)}*2      x G.T()
m_(3,4) = m_(0,3).T().D()*8              x G
m_(4,2) = m_(3,4).T().D()*2              x G
m_(4,2) = m_(4,2)                        x {1@(24807258,24807258)}
m_(4,5) = m_(4,2).D()*6                  x G.T()
m_(5,1) = m_(4,5).T().D()*2              x G
m_(5,1) = m_(5,1)                        x {1@(23321407,23321407)}
m_(5,6) = m_(5,1).D()*15                 x G.T()
m_(5,6) = m_(5,6)                        x m_(3,4).D()
m_(3,4) = m_(5,6).T().D()                x m_(3,4)
m_(4,5) = m_(4,5)                        x m_(5,6).D()
m_(3,4) = m_(3,4)                        x m_(4,5).D()
m_(0,3) = m_(0,3)                        x m_(3,4).D()
=========================================================
Query plan: (CSC friendly)
m_(3,0) = G                              x {1@(12797256,12797256)}*2
m_(4,3) = G.T()                          x m_(3,0).D()*8
m_(2,4) = G.T()                          x m_(4,3).D()*2
m_(2,4) = {1@(24807258,24807258)}        x m_(2,4)
m_(5,4) = G                              x m_(2,4).T().D()*6
m_(1,5) = G.T()                          x m_(5,4).D()*2
m_(1,5) = {1@(23321407,23321407)}        x m_(1,5)
m_(6,5) = G                              x m_(1,5).T().D()*15
m_(6,5) = m_(4,3).T().D()                x m_(6,5)
m_(4,3) = m_(4,3)                        x m_(6,5).D()
m_(5,4) = m_(6,5).T().D()                x m_(5,4)
m_(4,3) = m_(5,4).T().D()                x m_(4,3)
m_(3,0) = m_(4,3).T().D()                x m_(3,0)
=========================================================
[0.015825] m_(3,0) = G                              x {1@(12797256,12797256)}*2
    m1[0.000000] m2[0.004707] mul[0.011111] SS_mxm[0.011099] T[0.000000] zero_clean[0.000008]
--------------------------------------------------------
=========================================================
--------------------------------------------------------
Num recs: 0
--------------------------------------------------------
Query muls time:        0.015850
Query result enum time: 0.000000
Query time (total):     0.015876
#######################################################

#######################################################
Query: [/data/fuad/magiq_data/paracoder_lubm1B/encoded_queries/l2.q_encoded]
========
Node to qnode:
    (22773455->0) (?x->1) (?y->2)
No cycles
Edges:
    {(1,0)->2} {(1,2)->9}
Directed adjacency list:
    0()  1(0,2)  2()
Tree adjacency list:
    0(1)  1(0,2)  2(1)
========
DDFS walk:
    (0,1) (1,2) (1,0)
=========================================================
Query plan:
m_(0,1) = {1@(22773455,22773455)}*2      x G.T()
m_(1,2) = m_(0,1).T().D()*9              x G
m_(0,1) = m_(0,1)                        x m_(1,2).D()
=========================================================
Query plan: (CSC friendly)
m_(1,0) = G                              x {1@(22773455,22773455)}*2
m_(2,1) = G.T()                          x m_(1,0).D()*9
m_(1,0) = m_(2,1).T().D()                x m_(1,0)
=========================================================
[0.000012] m_(1,0) = G                              x {1@(22773455,22773455)}*2
    m1[0.000000] m2[0.000001] mul[0.000007] SS_mxm[0.000005] T[0.000000] zero_clean[0.000002]
--------------------------------------------------------
=========================================================
--------------------------------------------------------
Num recs: 0
--------------------------------------------------------
Query muls time:        0.000025
Query result enum time: 0.000000
Query time (total):     0.000044
#######################################################

#######################################################
Query: [/data/fuad/magiq_data/paracoder_lubm1B/encoded_queries/l3.q_encoded]
========
Node to qnode:
    (20011736->0) (23321407->1) (24807258->2) (?x->3) (?y->4) (?z->5)
Equal pairs:
    (6->3)
Edges:
    {(3,0)->2} {(3,4)->8} {(4,2)->2} {(5,1)->2} {(5,4)->6}
    {(6,5)->15}
Directed adjacency list:
    0()  1()  2()  3(5,0,4)  4(2)  5(4,1)
Tree adjacency list:
    0(3)  1(5)  2(4)  3(0,4)  4(2,3,5)  5(6,1,4)  6(5)
========
DDFS walk:
    (0,3) (3,4) (4,2) (4,5) (5,1) (5,6) (5,4) (4,3) (3,0)
=========================================================
Query plan:
m_(0,3) = {1@(20011736,20011736)}*2      x G.T()
m_(3,4) = m_(0,3).T().D()*8              x G
m_(4,2) = m_(3,4).T().D()*2              x G
m_(4,2) = m_(4,2)                        x {1@(24807258,24807258)}
m_(4,5) = m_(4,2).D()*6                  x G.T()
m_(5,1) = m_(4,5).T().D()*2              x G
m_(5,1) = m_(5,1)                        x {1@(23321407,23321407)}
m_(5,6) = m_(5,1).D()*15                 x G.T()
m_(5,6) = m_(5,6)                        x m_(3,4).D()
m_(3,4) = m_(5,6).T().D()                x m_(3,4)
m_(4,5) = m_(4,5)                        x m_(5,6).D()
m_(3,4) = m_(3,4)                        x m_(4,5).D()
m_(0,3) = m_(0,3)                        x m_(3,4).D()
=========================================================
Query plan: (CSC friendly)
m_(3,0) = G                              x {1@(20011736,20011736)}*2
m_(4,3) = G.T()                          x m_(3,0).D()*8
m_(2,4) = G.T()                          x m_(4,3).D()*2
m_(2,4) = {1@(24807258,24807258)}        x m_(2,4)
m_(5,4) = G                              x m_(2,4).T().D()*6
m_(1,5) = G.T()                          x m_(5,4).D()*2
m_(1,5) = {1@(23321407,23321407)}        x m_(1,5)
m_(6,5) = G                              x m_(1,5).T().D()*15
m_(6,5) = m_(4,3).T().D()                x m_(6,5)
m_(4,3) = m_(4,3)                        x m_(6,5).D()
m_(5,4) = m_(6,5).T().D()                x m_(5,4)
m_(4,3) = m_(5,4).T().D()                x m_(4,3)
m_(3,0) = m_(4,3).T().D()                x m_(3,0)
=========================================================
[0.000010] m_(3,0) = G                              x {1@(20011736,20011736)}*2
    m1[0.000000] m2[0.000001] mul[0.000006] SS_mxm[0.000003] T[0.000000] zero_clean[0.000002]
--------------------------------------------------------
=========================================================
--------------------------------------------------------
Num recs: 0
--------------------------------------------------------
Query muls time:        0.000028
Query result enum time: 0.000000
Query time (total):     0.000056
#######################################################

#######################################################
Query: [/data/fuad/magiq_data/paracoder_lubm1B/encoded_queries/l4.q_encoded]
========
Node to qnode:
    (10099852->0) (10740785->1) (?x->2) (?y1->3) (?y2->4) (?y3->5)
No cycles
Edges:
    {(2,0)->16} {(2,1)->2} {(2,3)->9} {(2,4)->12} {(2,5)->17}
Directed adjacency list:
    0()  1()  2(0,1,3,4,5)  3()  4()  5()
Tree adjacency list:
    0(2)  1(2)  2(0,1,3,4,5)  3(2)  4(2)  5(2)
========
DDFS walk:
    (0,2) (2,1) (2,3) (2,4) (2,5) (2,0)
=========================================================
Query plan:
m_(0,2) = {1@(10099852,10099852)}*16     x G.T()
m_(2,1) = m_(0,2).T().D()*2              x G
m_(2,1) = m_(2,1)                        x {1@(10740785,10740785)}
m_(2,3) = m_(2,1).D()*9                  x G
m_(2,4) = m_(2,3).D()*12                 x G
m_(2,5) = m_(2,4).D()*17                 x G
m_(0,2) = m_(0,2)                        x m_(2,5).D()
=========================================================
Query plan: (CSC friendly)
m_(2,0) = G                              x {1@(10099852,10099852)}*16
m_(1,2) = G.T()                          x m_(2,0).D()*2
m_(1,2) = {1@(10740785,10740785)}        x m_(1,2)
m_(3,2) = G.T()                          x m_(1,2).T().D()*9
m_(4,2) = G.T()                          x m_(3,2).T().D()*12
m_(5,2) = G.T()                          x m_(4,2).T().D()*17
m_(2,0) = m_(5,2).T().D()                x m_(2,0)
=========================================================
[0.000010] m_(2,0) = G                              x {1@(10099852,10099852)}*16
    m1[0.000000] m2[0.000001] mul[0.000006] SS_mxm[0.000003] T[0.000000] zero_clean[0.000002]
--------------------------------------------------------
=========================================================
--------------------------------------------------------
Num recs: 0
--------------------------------------------------------
Query muls time:        0.000024
Query result enum time: 0.000000
Query time (total):     0.000048
#######################################################

#######################################################
Query: [/data/fuad/magiq_data/paracoder_lubm1B/encoded_queries/l5.q_encoded]
========
Node to qnode:
    (10099852->0) (2907611->1) (?x->2)
No cycles
Edges:
    {(2,0)->6} {(2,1)->2}
Directed adjacency list:
    0()  1()  2(0,1)
Tree adjacency list:
    0(2)  1(2)  2(0,1)
========
DDFS walk:
    (0,2) (2,1) (2,0)
=========================================================
Query plan:
m_(0,2) = {1@(10099852,10099852)}*6      x G.T()
m_(2,1) = m_(0,2).T().D()*2              x G
m_(2,1) = m_(2,1)                        x {1@(2907611,2907611)}
m_(0,2) = m_(0,2)                        x m_(2,1).D()
=========================================================
Query plan: (CSC friendly)
m_(2,0) = G                              x {1@(10099852,10099852)}*6
m_(1,2) = G.T()                          x m_(2,0).D()*2
m_(1,2) = {1@(2907611,2907611)}          x m_(1,2)
m_(2,0) = m_(1,2).T().D()                x m_(2,0)
=========================================================
[0.000008] m_(2,0) = G                              x {1@(10099852,10099852)}*6
    m1[0.000000] m2[0.000001] mul[0.000004] SS_mxm[0.000003] T[0.000000] zero_clean[0.000001]
--------------------------------------------------------
=========================================================
--------------------------------------------------------
Num recs: 0
--------------------------------------------------------
Query muls time:        0.000023
Query result enum time: 0.000000
Query time (total):     0.000044
#######################################################

#######################################################
Query: [/data/fuad/magiq_data/paracoder_lubm1B/encoded_queries/l6.q_encoded]
========
Node to qnode:
    (10740785->0) (13691764->1) (23321407->2) (?x->3) (?y->4)
No cycles
Edges:
    {(3,0)->2} {(3,4)->16} {(4,1)->6} {(4,2)->2}
Directed adjacency list:
    0()  1()  2()  3(4,0)  4(1,2)
Tree adjacency list:
    0(3)  1(4)  2(4)  3(4,0)  4(1,2,3)
========
DDFS walk:
    (0,3) (3,4) (4,1) (4,2) (4,3) (3,0)
=========================================================
Query plan:
m_(0,3) = {1@(10740785,10740785)}*2      x G.T()
m_(3,4) = m_(0,3).T().D()*16             x G
m_(4,1) = m_(3,4).T().D()*6              x G
m_(4,1) = m_(4,1)                        x {1@(13691764,13691764)}
m_(4,2) = m_(4,1).D()*2                  x G
m_(4,2) = m_(4,2)                        x {1@(23321407,23321407)}
m_(3,4) = m_(3,4)                        x m_(4,2).D()
m_(0,3) = m_(0,3)                        x m_(3,4).D()
=========================================================
Query plan: (CSC friendly)
m_(3,0) = G                              x {1@(10740785,10740785)}*2
m_(4,3) = G.T()                          x m_(3,0).D()*16
m_(1,4) = G.T()                          x m_(4,3).D()*6
m_(1,4) = {1@(13691764,13691764)}        x m_(1,4)
m_(2,4) = G.T()                          x m_(1,4).T().D()*2
m_(2,4) = {1@(23321407,23321407)}        x m_(2,4)
m_(4,3) = m_(2,4).T().D()                x m_(4,3)
m_(3,0) = m_(4,3).T().D()                x m_(3,0)
=========================================================
[0.000008] m_(3,0) = G                              x {1@(10740785,10740785)}*2
    m1[0.000000] m2[0.000001] mul[0.000005] SS_mxm[0.000003] T[0.000000] zero_clean[0.000001]
--------------------------------------------------------
=========================================================
--------------------------------------------------------
Num recs: 0
--------------------------------------------------------
Query muls time:        0.000021
Query result enum time: 0.000000
Query time (total):     0.000038
#######################################################

#######################################################
Query: [/data/fuad/magiq_data/paracoder_lubm1B/encoded_queries/l7.q_encoded]
========
Node to qnode:
    (10740785->0) (20011736->1) (22773455->2) (?x->3) (?y->4) (?z->5)
Equal pairs:
    (6->5)
Edges:
    {(3,1)->2} {(3,4)->14} {(3,5)->18} {(4,2)->2} {(5,0)->2}
    {(6,4)->13}
Directed adjacency list:
    0()  1()  2()  3(1,5,4)  4(2)  5(0,4)
Tree adjacency list:
    0(5)  1(3)  2(4)  3(1,5,4)  4(6,2,3)  5(3,0)  6(4)
========
DDFS walk:
    (0,5) (5,3) (3,1) (3,4) (4,2) (4,6) (4,3) (3,5) (5,0)
=========================================================
Query plan:
m_(0,5) = {1@(10740785,10740785)}*2      x G.T()
m_(5,3) = m_(0,5).T().D()*18             x G.T()
m_(3,1) = m_(5,3).T().D()*2              x G
m_(3,1) = m_(3,1)                        x {1@(20011736,20011736)}
m_(3,4) = m_(3,1).D()*14                 x G
m_(4,2) = m_(3,4).T().D()*2              x G
m_(4,2) = m_(4,2)                        x {1@(22773455,22773455)}
m_(4,6) = m_(4,2).D()*13                 x G.T()
m_(4,6) = m_(4,6)                        x m_(5,3).D()
m_(5,3) = m_(4,6).T().D()                x m_(5,3)
m_(3,4) = m_(3,4)                        x m_(4,6).D()
m_(5,3) = m_(5,3)                        x m_(3,4).D()
m_(0,5) = m_(0,5)                        x m_(5,3).D()
=========================================================
Query plan: (CSC friendly)
m_(5,0) = G                              x {1@(10740785,10740785)}*2
m_(3,5) = G                              x m_(5,0).D()*18
m_(1,3) = G.T()                          x m_(3,5).D()*2
m_(1,3) = {1@(20011736,20011736)}        x m_(1,3)
m_(4,3) = G.T()                          x m_(1,3).T().D()*14
m_(2,4) = G.T()                          x m_(4,3).D()*2
m_(2,4) = {1@(22773455,22773455)}        x m_(2,4)
m_(6,4) = G                              x m_(2,4).T().D()*13
m_(6,4) = m_(3,5).T().D()                x m_(6,4)
m_(3,5) = m_(3,5)                        x m_(6,4).D()
m_(4,3) = m_(6,4).T().D()                x m_(4,3)
m_(3,5) = m_(4,3).T().D()                x m_(3,5)
m_(5,0) = m_(3,5).T().D()                x m_(5,0)
=========================================================
[0.000009] m_(5,0) = G                              x {1@(10740785,10740785)}*2
    m1[0.000000] m2[0.000001] mul[0.000005] SS_mxm[0.000003] T[0.000000] zero_clean[0.000001]
--------------------------------------------------------
=========================================================
--------------------------------------------------------
Num recs: 0
--------------------------------------------------------
Query muls time:        0.000024
Query result enum time: 0.000000
Query time (total):     0.000049
#######################################################