Will evaluate 7 query files.
Adding query: data/lubm100k/queries/encoded/l1.q_encoded
Adding query: data/lubm100k/queries/encoded/l2.q_encoded
Adding query: data/lubm100k/queries/encoded/l3.q_encoded
Adding query: data/lubm100k/queries/encoded/l4.q_encoded
Adding query: data/lubm100k/queries/encoded/l5.q_encoded
Adding query: data/lubm100k/queries/encoded/l6.q_encoded
Adding query: data/lubm100k/queries/encoded/l7.q_encoded
#######################################################
Reading graph [data/lubm100k/encoded.nt]...
    File read time:      14.059862
    Graph construction time: 6.099564
    Transpose construction time: 2.828929
    Graph load (total):   22.988576
#######################################################

#######################################################
Query: [data/lubm100k/queries/encoded/l1.q_encoded]
========
Node to qnode:
    (1996->0) (4->1) (7->2) (?x->3) (?y->4) (?z->5) 
Equal pairs:
    (6->3) 
Edges:
    {(3,0)->2} {(3,4)->7} {(4,1)->2} {(5,2)->2} {(5,4)->5} 
    {(6,5)->15} 
Directed adjacency list:
    0()  1()  2()  3(5,0,4)  4(1)  5(4,2)  
Tree adjacency list:
    0(3)  1(4)  2(5)  3(0,4)  4(1,3,5)  5(6,2,4)  6(5)  
========
DDFS walk:
    (0,3) (3,4) (4,1) (4,5) (5,2) (5,6) (5,4) (4,3) (3,0) 
=========================================================
Query plan: 
m_(0,3) = {1@(1996,1996)}*2              x G.T()
m_(3,4) = m_(0,3).T().D()*7              x G
m_(4,1) = m_(3,4).T().D()*2              x G
m_(4,1) = m_(4,1)                        x {1@(4,4)}
m_(4,5) = m_(4,1).D()*5                  x G.T()
m_(5,2) = m_(4,5).T().D()*2              x G
m_(5,2) = m_(5,2)                        x {1@(7,7)}
m_(5,6) = m_(5,2).D()*15                 x G.T()
m_(5,6) = m_(5,6)                        x m_(3,4).D()
m_(3,4) = m_(5,6).T().D()                x m_(3,4)
m_(4,5) = m_(4,5)                        x m_(5,6).D()
m_(3,4) = m_(3,4)                        x m_(4,5).D()
m_(0,3) = m_(0,3)                        x m_(3,4).D()
=========================================================
Query plan: (CSC friendly)
m_(3,0) = G                              x {1@(1996,1996)}*2
m_(4,3) = G.T()                          x m_(3,0).D()*7
m_(1,4) = G.T()                          x m_(4,3).D()*2
m_(1,4) = {1@(4,4)}                      x m_(1,4)
m_(5,4) = G                              x m_(1,4).T().D()*5
m_(2,5) = G.T()                          x m_(5,4).D()*2
m_(2,5) = {1@(7,7)}                      x m_(2,5)
m_(6,5) = G                              x m_(2,5).T().D()*15
m_(6,5) = m_(4,3).T().D()                x m_(6,5)
m_(4,3) = m_(4,3)                        x m_(6,5).D()
m_(5,4) = m_(6,5).T().D()                x m_(5,4)
m_(4,3) = m_(5,4).T().D()                x m_(4,3)
m_(3,0) = m_(4,3).T().D()                x m_(3,0)
=========================================================
[0.154257] m_(3,0) = G                              x {1@(1996,1996)}*2
    MUL(3, 0): 0 [0, 0]
    m1[0.000000] m2[0.000008] mul[0.153865] SS_mxm[0.124157] T[0.000000] zero_clean[0.029323]
--------------------------------------------------------
=========================================================
--------------------------------------------------------
Num recs: 0
--------------------------------------------------------
Query muls time:        0.183741
Query result enum time: 0.000000
Query time (total):     0.184339
#######################################################

#######################################################
Query: [data/lubm100k/queries/encoded/l2.q_encoded]
========
Node to qnode:
    (3049->0) (?x->1) (?y->2) 
No cycles
Edges:
    {(1,0)->2} {(1,2)->4} 
Directed adjacency list:
    0()  1(0,2)  2()  
Tree adjacency list:
    0(1)  1(0,2)  2(1)  
========
DDFS walk:
    (0,1) (1,2) (1,0) 
=========================================================
Query plan: 
m_(0,1) = {1@(3049,3049)}*2              x G.T()
m_(1,2) = m_(0,1).T().D()*4              x G
m_(0,1) = m_(0,1)                        x m_(1,2).D()
=========================================================
Query plan: (CSC friendly)
m_(1,0) = G                              x {1@(3049,3049)}*2
m_(2,1) = G.T()                          x m_(1,0).D()*4
m_(1,0) = m_(2,1).T().D()                x m_(1,0)
=========================================================
[0.152598] m_(1,0) = G                              x {1@(3049,3049)}*2
    MUL(1, 0): 20 [20, 1]
    m1[0.000000] m2[0.000006] mul[0.152195] SS_mxm[0.122455] T[0.000000] zero_clean[0.029352]
--------------------------------------------------------
[0.164133] m_(2,1) = G.T()                          x m_(1,0).D()*4
    MUL(2, 1): 20 [1, 20]
    m1[0.000012] m2[0.000068] mul[0.163614] SS_mxm[0.129349] T[0.000000] zero_clean[0.033828]
--------------------------------------------------------
[0.227410] m_(1,0) = m_(2,1).T().D()                x m_(1,0)
    MUL(1, 0): 20 [20, 1]
    m1[0.031070] m2[0.031893] mul[0.163606] SS_mxm[0.128643] T[0.000000] zero_clean[0.034094]
--------------------------------------------------------
=========================================================
Mat store content:
  m(1, 0):        20 [       20,         1]
  m(2, 1):        20 [        1,        20]
--------------------------------------------------------
Initial fill from m(1,0): num_nnz[20] get_nz[0.012115] vec_fill[0.000010]
  Fill from m(2,1): num_rec[        20] get_nz[0.028670] vec_cp[0.000003]
--------------------------------------------------------
Num recs: 20
--------------------------------------------------------
Query muls time:        0.643605
Query result enum time: 0.041004
Query time (total):     0.748333
#######################################################

#######################################################
Query: [data/lubm100k/queries/encoded/l3.q_encoded]
========
Node to qnode:
    (399->0) (4->1) (7->2) (?x->3) (?y->4) (?z->5) 
Equal pairs:
    (6->3) 
Edges:
    {(3,0)->2} {(3,4)->7} {(4,1)->2} {(5,2)->2} {(5,4)->5} 
    {(6,5)->15} 
Directed adjacency list:
    0()  1()  2()  3(5,0,4)  4(1)  5(4,2)  
Tree adjacency list:
    0(3)  1(4)  2(5)  3(0,4)  4(1,3,5)  5(6,2,4)  6(5)  
========
DDFS walk:
    (0,3) (3,4) (4,1) (4,5) (5,2) (5,6) (5,4) (4,3) (3,0) 
=========================================================
Query plan: 
m_(0,3) = {1@(399,399)}*2                x G.T()
m_(3,4) = m_(0,3).T().D()*7              x G
m_(4,1) = m_(3,4).T().D()*2              x G
m_(4,1) = m_(4,1)                        x {1@(4,4)}
m_(4,5) = m_(4,1).D()*5                  x G.T()
m_(5,2) = m_(4,5).T().D()*2              x G
m_(5,2) = m_(5,2)                        x {1@(7,7)}
m_(5,6) = m_(5,2).D()*15                 x G.T()
m_(5,6) = m_(5,6)                        x m_(3,4).D()
m_(3,4) = m_(5,6).T().D()                x m_(3,4)
m_(4,5) = m_(4,5)                        x m_(5,6).D()
m_(3,4) = m_(3,4)                        x m_(4,5).D()
m_(0,3) = m_(0,3)                        x m_(3,4).D()
=========================================================
Query plan: (CSC friendly)
m_(3,0) = G                              x {1@(399,399)}*2
m_(4,3) = G.T()                          x m_(3,0).D()*7
m_(1,4) = G.T()                          x m_(4,3).D()*2
m_(1,4) = {1@(4,4)}                      x m_(1,4)
m_(5,4) = G                              x m_(1,4).T().D()*5
m_(2,5) = G.T()                          x m_(5,4).D()*2
m_(2,5) = {1@(7,7)}                      x m_(2,5)
m_(6,5) = G                              x m_(2,5).T().D()*15
m_(6,5) = m_(4,3).T().D()                x m_(6,5)
m_(4,3) = m_(4,3)                        x m_(6,5).D()
m_(5,4) = m_(6,5).T().D()                x m_(5,4)
m_(4,3) = m_(5,4).T().D()                x m_(4,3)
m_(3,0) = m_(4,3).T().D()                x m_(3,0)
=========================================================
[0.193431] m_(3,0) = G                              x {1@(399,399)}*2
    MUL(3, 0): 24 [24, 1]
    m1[0.000000] m2[0.000009] mul[0.193177] SS_mxm[0.157478] T[0.000000] zero_clean[0.035452]
--------------------------------------------------------
[0.189056] m_(4,3) = G.T()                          x m_(3,0).D()*7
    MUL(4, 3): 6 [6, 6]
    m1[0.000001] m2[0.000066] mul[0.188739] SS_mxm[0.153293] T[0.000000] zero_clean[0.034931]
--------------------------------------------------------
[0.187332] m_(1,4) = G.T()                          x m_(4,3).D()*2
    MUL(1, 4): 0 [0, 0]
    m1[0.000000] m2[0.000039] mul[0.187047] SS_mxm[0.152367] T[0.000000] zero_clean[0.034208]
--------------------------------------------------------
=========================================================
--------------------------------------------------------
Num recs: 0
--------------------------------------------------------
Query muls time:        0.690194
Query result enum time: 0.000000
Query time (total):     0.691640
#######################################################

#######################################################
Query: [data/lubm100k/queries/encoded/l4.q_encoded]
========
Node to qnode:
    (10->0) (6->1) (?x->2) (?y1->3) (?y2->4) (?y3->5) 
No cycles
Edges:
    {(2,0)->2} {(2,1)->10} {(2,3)->4} {(2,4)->11} {(2,5)->12} 
Directed adjacency list:
    0()  1()  2(1,0,3,4,5)  3()  4()  5()  
Tree adjacency list:
    0(2)  1(2)  2(1,0,3,4,5)  3(2)  4(2)  5(2)  
========
DDFS walk:
    (0,2) (2,1) (2,3) (2,4) (2,5) (2,0) 
=========================================================
Query plan: 
m_(0,2) = {1@(10,10)}*2                  x G.T()
m_(2,1) = m_(0,2).T().D()*10             x G
m_(2,1) = m_(2,1)                        x {1@(6,6)}
m_(2,3) = m_(2,1).D()*4                  x G
m_(2,4) = m_(2,3).D()*11                 x G
m_(2,5) = m_(2,4).D()*12                 x G
m_(0,2) = m_(0,2)                        x m_(2,5).D()
=========================================================
Query plan: (CSC friendly)
m_(2,0) = G                              x {1@(10,10)}*2
m_(1,2) = G.T()                          x m_(2,0).D()*10
m_(1,2) = {1@(6,6)}                      x m_(1,2)
m_(3,2) = G.T()                          x m_(1,2).T().D()*4
m_(4,2) = G.T()                          x m_(3,2).T().D()*11
m_(5,2) = G.T()                          x m_(4,2).T().D()*12
m_(2,0) = m_(5,2).T().D()                x m_(2,0)
=========================================================
[0.190297] m_(2,0) = G                              x {1@(10,10)}*2
    MUL(2, 0): 0 [0, 0]
    m1[0.000000] m2[0.000007] mul[0.189785] SS_mxm[0.153966] T[0.000000] zero_clean[0.035300]
--------------------------------------------------------
=========================================================
--------------------------------------------------------
Num recs: 0
--------------------------------------------------------
Query muls time:        0.226966
Query result enum time: 0.000000
Query time (total):     0.227332
#######################################################

#######################################################
Query: [data/lubm100k/queries/encoded/l5.q_encoded]
========
Node to qnode:
    (2558->0) (6->1) (?x->2) 
No cycles
Edges:
    {(2,0)->2} {(2,1)->5} 
Directed adjacency list:
    0()  1()  2(1,0)  
Tree adjacency list:
    0(2)  1(2)  2(1,0)  
========
DDFS walk:
    (0,2) (2,1) (2,0) 
=========================================================
Query plan: 
m_(0,2) = {1@(2558,2558)}*2              x G.T()
m_(2,1) = m_(0,2).T().D()*5              x G
m_(2,1) = m_(2,1)                        x {1@(6,6)}
m_(0,2) = m_(0,2)                        x m_(2,1).D()
=========================================================
Query plan: (CSC friendly)
m_(2,0) = G                              x {1@(2558,2558)}*2
m_(1,2) = G.T()                          x m_(2,0).D()*5
m_(1,2) = {1@(6,6)}                      x m_(1,2)
m_(2,0) = m_(1,2).T().D()                x m_(2,0)
=========================================================
[0.187263] m_(2,0) = G                              x {1@(2558,2558)}*2
    MUL(2, 0): 0 [0, 0]
    m1[0.000001] m2[0.000008] mul[0.186758] SS_mxm[0.150266] T[0.000000] zero_clean[0.036005]
--------------------------------------------------------
=========================================================
--------------------------------------------------------
Num recs: 0
--------------------------------------------------------
Query muls time:        0.224006
Query result enum time: 0.000000
Query time (total):     0.224599
#######################################################

#######################################################
Query: [data/lubm100k/queries/encoded/l6.q_encoded]
========
Node to qnode:
    (10->0) (3->1) (7->2) (?x->3) (?y->4) 
No cycles
Edges:
    {(3,0)->2} {(3,4)->10} {(4,1)->5} {(4,2)->2} 
Directed adjacency list:
    0()  1()  2()  3(4,0)  4(1,2)  
Tree adjacency list:
    0(3)  1(4)  2(4)  3(4,0)  4(1,2,3)  
========
DDFS walk:
    (0,3) (3,4) (4,1) (4,2) (4,3) (3,0) 
=========================================================
Query plan: 
m_(0,3) = {1@(10,10)}*2                  x G.T()
m_(3,4) = m_(0,3).T().D()*10             x G
m_(4,1) = m_(3,4).T().D()*5              x G
m_(4,1) = m_(4,1)                        x {1@(3,3)}
m_(4,2) = m_(4,1).D()*2                  x G
m_(4,2) = m_(4,2)                        x {1@(7,7)}
m_(3,4) = m_(3,4)                        x m_(4,2).D()
m_(0,3) = m_(0,3)                        x m_(3,4).D()
=========================================================
Query plan: (CSC friendly)
m_(3,0) = G                              x {1@(10,10)}*2
m_(4,3) = G.T()                          x m_(3,0).D()*10
m_(1,4) = G.T()                          x m_(4,3).D()*5
m_(1,4) = {1@(3,3)}                      x m_(1,4)
m_(2,4) = G.T()                          x m_(1,4).T().D()*2
m_(2,4) = {1@(7,7)}                      x m_(2,4)
m_(4,3) = m_(2,4).T().D()                x m_(4,3)
m_(3,0) = m_(4,3).T().D()                x m_(3,0)
=========================================================
[0.186504] m_(3,0) = G                              x {1@(10,10)}*2
    MUL(3, 0): 0 [0, 0]
    m1[0.000000] m2[0.000007] mul[0.186230] SS_mxm[0.149697] T[0.000000] zero_clean[0.036050]
--------------------------------------------------------
=========================================================
--------------------------------------------------------
Num recs: 0
--------------------------------------------------------
Query muls time:        0.223250
Query result enum time: 0.000000
Query time (total):     0.223859
#######################################################

#######################################################
Query: [data/lubm100k/queries/encoded/l7.q_encoded]
========
Node to qnode:
    (10->0) (3049->1) (399->2) (?x->3) (?y->4) (?z->5) 
Equal pairs:
    (6->5) 
Edges:
    {(3,2)->2} {(3,4)->16} {(3,5)->17} {(4,1)->2} {(5,0)->2} 
    {(6,4)->6} 
Directed adjacency list:
    0()  1()  2()  3(2,5,4)  4(1)  5(0,4)  
Tree adjacency list:
    0(5)  1(4)  2(3)  3(2,5,4)  4(6,1,3)  5(3,0)  6(4)  
========
DDFS walk:
    (0,5) (5,3) (3,2) (3,4) (4,1) (4,6) (4,3) (3,5) (5,0) 
=========================================================
Query plan: 
m_(0,5) = {1@(10,10)}*2                  x G.T()
m_(5,3) = m_(0,5).T().D()*17             x G.T()
m_(3,2) = m_(5,3).T().D()*2              x G
m_(3,2) = m_(3,2)                        x {1@(399,399)}
m_(3,4) = m_(3,2).D()*16                 x G
m_(4,1) = m_(3,4).T().D()*2              x G
m_(4,1) = m_(4,1)                        x {1@(3049,3049)}
m_(4,6) = m_(4,1).D()*6                  x G.T()
m_(4,6) = m_(4,6)                        x m_(5,3).D()
m_(5,3) = m_(4,6).T().D()                x m_(5,3)
m_(3,4) = m_(3,4)                        x m_(4,6).D()
m_(5,3) = m_(5,3)                        x m_(3,4).D()
m_(0,5) = m_(0,5)                        x m_(5,3).D()
=========================================================
Query plan: (CSC friendly)
m_(5,0) = G                              x {1@(10,10)}*2
m_(3,5) = G                              x m_(5,0).D()*17
m_(2,3) = G.T()                          x m_(3,5).D()*2
m_(2,3) = {1@(399,399)}                  x m_(2,3)
m_(4,3) = G.T()                          x m_(2,3).T().D()*16
m_(1,4) = G.T()                          x m_(4,3).D()*2
m_(1,4) = {1@(3049,3049)}                x m_(1,4)
m_(6,4) = G                              x m_(1,4).T().D()*6
m_(6,4) = m_(3,5).T().D()                x m_(6,4)
m_(3,5) = m_(3,5)                        x m_(6,4).D()
m_(4,3) = m_(6,4).T().D()                x m_(4,3)
m_(3,5) = m_(4,3).T().D()                x m_(3,5)
m_(5,0) = m_(3,5).T().D()                x m_(5,0)
=========================================================
[0.185853] m_(5,0) = G                              x {1@(10,10)}*2
    MUL(5, 0): 0 [0, 0]
    m1[0.000001] m2[0.000006] mul[0.185585] SS_mxm[0.149354] T[0.000000] zero_clean[0.035963]
--------------------------------------------------------
=========================================================
--------------------------------------------------------
Num recs: 0
--------------------------------------------------------
Query muls time:        0.222514
Query result enum time: 0.000000
Query time (total):     0.223143
#######################################################

