Matrix is Float
Total number of nonzeros expected across all processors is 1366712443
File is 25140824453 bytes
read file takes 24.6733 s
As a whole: 336506397 rows and 336506397 columns and 1366485519 nonzeros
round 1, 230 has 150435
round 1, 188 has 981517
round 1, 214 has 493198
round 1, 218 has 61759
round 1, 168 has 902637
round 1, 226 has 772861
round 1, 170 has 1572056
round 1, 172 has 1446267
round 1, 10 has 2553133
round 1, 166 has 2099112
round 1, 150 has 2543537
round 1, 60 has 3000864
round 1, 186 has 745343
round 1, 182 has 1607593
round 1, 72 has 2738896
round 1, 12 has 3032888
round 1, 202 has 124823
round 1, 88 has 2417265
round 1, 216 has 207893
round 2, 216 has 269652
round 1, 208 has 13928501
round 1, 234 has 17514
round 1, 232 has 59873
round 1, 236 has 1500
round 2, 232 has 77387
round 1, 26 has 2501873
round 2, 168 has 2474693
round 1, 212 has 1027858
round 1, 228 has 337805
round 1, 220 has 90845
round 2, 228 has 488240
round 1, 184 has 684990
round 2, 212 has 1521056
round 1, 224 has 5425833
round 1, 6 has 4256697
round 2, 224 has 6198694
round 2, 184 has 1430333
round 1, 156 has 1878065
round 1, 138 has 1746847
round 1, 58 has 2472567
round 1, 154 has 1439124
round 1, 38 has 4266223
round 1, 120 has 2152213
round 4, 224 has 6686934
round 1, 106 has 2142397
round 1, 152 has 2193945
round 1, 198 has 970296
round 1, 204 has 532881
round 1, 200 has 415881
round 2, 200 has 540704
round 1, 194 has 4072043
round 1, 196 has 1977394
round 1, 22 has 4285664
round 1, 134 has 3044882
round 1, 136 has 2962308
round 1, 210 has 2226350
round 1, 86 has 3869212
round 1, 70 has 4202151
round 1, 90 has 2136398
round 1, 76 has 3098972
round 1, 56 has 2750952
round 1, 74 has 2441848
round 1, 54 has 4208933
round 1, 92 has 2684017
round 1, 28 has 2934717
round 1, 180 has 3252582
round 2, 196 has 2947690
round 2, 152 has 3633069
round 1, 44 has 3022423
round 1, 140 has 2270238
round 1, 192 has 24424361
round 1, 24 has 2816566
round 1, 8 has 2896456
round 1, 40 has 2852295
round 1, 42 has 2499211
round 2, 136 has 4709155
round 2, 208 has 16154851
round 1, 164 has 4311293
round 2, 56 has 5223519
round 1, 122 has 1894311
round 1, 108 has 2736662
round 1, 124 has 2454512
round 1, 104 has 2392833
round 1, 118 has 4939374
round 2, 104 has 4535230
round 1, 100 has 7040528
round 1, 52 has 7274782
round 2, 120 has 4046524
round 1, 4 has 7100577
round 2, 24 has 5318439
round 1, 102 has 5574847
round 1, 178 has 6394807
round 2, 40 has 5351506
round 1, 162 has 8254977
round 2, 88 has 4553663
round 1, 132 has 6037986
round 1, 148 has 5155840
round 2, 192 has 28496404
round 1, 20 has 7093006
round 2, 180 has 4860175
round 2, 72 has 5180744
round 1, 116 has 6403775
round 1, 36 has 7138074
round 1, 68 has 10247785
round 2, 8 has 5449589
round 4, 192 has 31444094
round 1, 160 has 48533879
round 2, 164 has 6410405
round 4, 208 has 17675907
round 1, 144 has 58637380
round 1, 146 has 9901159
round 1, 130 has 11516774
round 2, 132 has 9082868
round 1, 114 has 11906139
round 1, 64 has 88540545
round 1, 80 has 80653846
round 1, 96 has 79882944
round 2, 148 has 7699377
round 1, 84 has 9520129
round 1, 66 has 13883827
round 1, 82 has 12946684
round 1, 18 has 12478299
round 1, 2 has 12197864
round 2, 52 has 11483715
round 1, 34 has 17298224
round 1, 0 has 100073089
round 2, 4 has 11357274
round 1, 98 has 13392944
round 2, 160 has 56788856
round 2, 20 has 11378670
round 2, 100 has 12615375
round 2, 36 has 11404297
round 2, 116 has 11343149
round 1, 16 has 97669285
round 1, 50 has 16994676
round 2, 68 has 14449936
round 4, 160 has 63199261
round 2, 84 has 13389341
round 2, 80 has 93600530
round 2, 64 has 102424372
round 2, 0 has 112270953
round 2, 96 has 93275888
round 1, 176 has 37816722
round 2, 16 has 110147584
round 1, 128 has 68490307
round 1, 48 has 89967630
round 1, 32 has 91955201
round 4, 0 has 123628227
round 1, 112 has 72187285
round 4, 80 has 106989871
round 4, 64 has 116874308
round 2, 176 has 44211529
round 4, 96 has 105891263
round 4, 16 has 121526254
round 2, 144 has 68538539
round 4, 176 has 49071704
round 2, 128 has 80007081
round 4, 144 has 76237916
round 2, 112 has 84093424
round 2, 48 has 106962306
round 2, 32 has 109253425
round 4, 128 has 89089949
round 4, 112 has 95436573
round 4, 48 has 118446021
round 4, 32 has 120657722
round 1, 238 has 22419
round 2, 236 has 23919
round 4, 232 has 101306
round 8, 224 has 6788240
round 1, 174 has 1941909
round 1, 142 has 3033631
round 1, 206 has 621127
round 2, 204 has 1154008
round 1, 190 has 1325054
round 4, 200 has 1694712
round 1, 222 has 188793
round 2, 172 has 3388176
round 2, 220 has 279638
round 1, 30 has 3774372
round 4, 216 has 549290
round 1, 126 has 3254178
round 1, 14 has 3886478
round 1, 240 has 899886
round 1, 248 has 5274
round 8, 208 has 18225197
round 8, 192 has 33138806
round 1, 158 has 2520584
round 1, 242 has 103406
round 2, 240 has 1003292
round 2, 188 has 2306571
round 1, 46 has 3877607
round 1, 94 has 3533301
round 1, 246 has 15426
round 2, 140 has 5303869
round 2, 124 has 5708690
round 1, 250 has 1441
round 2, 248 has 6715
round 2, 156 has 4398649
round 2, 28 has 6709089
round 1, 62 has 3941823
round 1, 252 has 86
round 1, 110 has 3638197
round 1, 244 has 40723
round 2, 244 has 56149
round 4, 240 has 1059441
round 1, 78 has 4043034
round 2, 92 has 6217318
round 2, 44 has 6900030
round 4, 184 has 3736904
round 4, 168 has 5862869
round 4, 152 has 8031718
round 2, 12 has 6919366
round 2, 108 has 6374859
round 2, 60 has 6942687
round 8, 176 has 52808608
round 2, 76 has 7142006
round 4, 136 has 10013024
round 4, 120 has 9755214
round 4, 24 has 12027528
round 8, 144 has 84269634
round 4, 88 has 10770981
round 4, 104 has 10910089
round 4, 40 has 12251536
round 4, 8 has 12368955
round 4, 56 has 12166206
round 8, 128 has 99102973
round 8, 112 has 105191787
round 4, 72 has 12322750
round 8, 80 has 117760852
round 8, 16 has 133553782
round 8, 96 has 116801352
round 8, 160 has 69062130
round 8, 32 has 132909258
round 8, 64 has 129197058
round 8, 48 has 130612227
round 8, 0 has 135997182
round 1, 254 has 191
round 2, 252 has 277
round 4, 248 has 6992
round 8, 240 has 1066433
