---------------------------------------------------------------
starting reading lubm10240 data......
Matrix is Float
Total number of nonzeros expected across all processors is 1366712443
File is 25140824453 bytes
As a whole: 336506397 rows and 336506397 columns and 1366485519 nonzeros
	read file takes : 28.195 s
	original imbalance of G : 1.48066
	permutation takes : 67.0933 s
	imbalance of permuted G : 2.38482
	transpose G takes : 1.14395 s
graph load (Total) : 96.6233 s
---------------------------------------------------------------
step 1 : m_(5,0) = G x {1@(1345,1345)}*6
	dim-apply takes: 0.261993 s
	prune takes: 0.036428 s
step 1 (Total) : 0.298479 s
---------------------------------------------------------------
step 2 : m_(3, 5) = G * m_(5, 0).D()*13
	diag-reduce takes : 0.276995 s
	mmul-scalar takes : 0.002074 s
	dim-apply takes: 0.270305 s
	prune takes: 0.0385809 s
step 2 (Total) : 0.588084 s
---------------------------------------------------------------
step 3 : m_(1,3) = G.T() x m_(3,5).D()*6
	diag-reduce takes : 0.280634 s
	mmul-scalar takes : 0.00139785 s
	dim-apply takes: 0.284284 s
	prune takes: 0.0926371 s
step 3 (Total) : 0.659075 s
---------------------------------------------------------------
step 4 : m_(1,3) = {1@(43,43)} x m_(1,3)
	dim-apply takes: 0.109096 s
	prune takes: 0.00216389 s
step 4 (Total) : 0.111313 s
---------------------------------------------------------------
step 5 : m_(4,3) = G.T() x m_(1,3).T().D()*8
	diag-reduce takes : 0.557647 s
	mmul-scalar takes : 0.00106883 s
	dim-apply takes: 0.292052 s
	prune takes: 0.0852201 s
step 5 (Total) : 0.936095 s
---------------------------------------------------------------
step 6 : m_(2,4) = G.T() x m_(4,3).D()*6
	diag-reduce takes : 0.344458 s
	mmul-scalar takes : 0.00156021 s
	dim-apply takes: 0.283413 s
	prune takes: 0.0824981 s
step 6 (Total) : 0.712049 s
---------------------------------------------------------------
step 7 : m_(2,4) = {1@(79,79)} x m_(2,4)
	dim-apply takes: 0.0836411 s
	prune takes: 2.14577e-06 s
step 7 (Total) : 0.0836809 s
---------------------------------------------------------------
step 8 : m_(6,4) = G x m_(2,4).T().D()*4
	diag-reduce takes : 0.527292 s
	mmul-scalar takes : 0.00101018 s
	dim-apply takes: 0.266569 s
	prune takes: 0.0386431 s
step 8 (Total) : 0.833653 s
---------------------------------------------------------------
step 9 : m_(6,4) = m_(3,5).T().D() x m_(6,4)
	diag-reduce takes : 0.462849 s
	mmul-scalar takes : 0 s
	dim-apply takes: 0.0646091 s
	prune takes: 0.000308037 s
step 9 (Total) : 0.527856 s
---------------------------------------------------------------
step 10 : m_(3,5) = m_(3,5) x m_(6,4).D()
	diag-reduce takes : 0.275436 s
	mmul-scalar takes : 0 s
	dim-apply takes: 0.231756 s
	prune takes: 0.000653028 s
step 10 (Total) : 0.50792 s
---------------------------------------------------------------
step 11 : m_(4,3) = m_(6,4).T().D() x m_(4,3)
	diag-reduce takes : 0.481838 s
	mmul-scalar takes : 0 s
	dim-apply takes: 0.064419 s
	prune takes: 0.000664949 s
step 11 (Total) : 0.547009 s
---------------------------------------------------------------
step 12 : m_(3,5) = m_(4,3).T().D() x m_(3,5)
	diag-reduce takes : 0.502861 s
	mmul-scalar takes : 0 s
	dim-apply takes: 0.0668881 s
	prune takes: 0.000599861 s
step 12 (Total) : 0.570427 s
---------------------------------------------------------------
step 13 : m_(5,0) = m_(3,5).T().D() x m_(5,0)
	diag-reduce takes : 0.520423 s
	mmul-scalar takes : 0 s
	dim-apply takes: 0.0609181 s
	prune takes: 9.53674e-07 s
step 13 (Total) : 0.581429 s
---------------------------------------------------------------
1215871 [ 1215871, 1 ]
	enum takes 0.788886 s
	imbalance : 16.0933
---------------------------------------------------------------
query7 mmul_scalar time : 0.00711107 s
query7 prune time : 0.3784 s
query7 diag_reduce time : 4.23043 s
query7 dim_apply time : 2.33994 s
query7 time (Total) : 6.95716 s
