---------------------------------------------------------------
starting reading lubm10240 data......
Matrix is Float
Total number of nonzeros expected across all processors is 1366712443
File is 25140824453 bytes
As a whole: 336506397 rows and 336506397 columns and 1366485519 nonzeros
	read file takes : 21.5348 s
	original imbalance of G : 1.48066
	permutation takes : 45.8575 s
	imbalance of permuted G : 2.0313
	transpose G takes : 0.404929 s
graph load (Total) : 68.0861 s
---------------------------------------------------------------
step 1 : m_(5,0) = G x {1@(1345,1345)}*6
	dim-apply takes: 0.0894229 s
	prune takes: 0.0208611 s
step 1 (Total) : 0.110328 s
---------------------------------------------------------------
step 2 : m_(3, 5) = G * m_(5, 0).D()*13
	diag-reduce takes : 0.148253 s
	mmul-scalar takes : 0.000449181 s
	dim-apply takes: 0.0569251 s
	prune takes: 0.0226781 s
step 2 (Total) : 0.228356 s
---------------------------------------------------------------
step 3 : m_(1,3) = G.T() x m_(3,5).D()*6
	diag-reduce takes : 0.146582 s
	mmul-scalar takes : 0.000396013 s
	dim-apply takes: 0.054337 s
	prune takes: 0.0228999 s
step 3 (Total) : 0.224259 s
---------------------------------------------------------------
step 4 : m_(1,3) = {1@(43,43)} x m_(1,3)
	dim-apply takes: 0.0590181 s
	prune takes: 0 s
step 4 (Total) : 0.0590301 s
---------------------------------------------------------------
step 5 : m_(4,3) = G.T() x m_(1,3).T().D()*8
	diag-reduce takes : 0.171542 s
	mmul-scalar takes : 0.000385046 s
	dim-apply takes: 0.058048 s
	prune takes: 0.027235 s
step 5 (Total) : 0.25726 s
---------------------------------------------------------------
step 6 : m_(2,4) = G.T() x m_(4,3).D()*6
	diag-reduce takes : 0.207393 s
	mmul-scalar takes : 0.000468016 s
	dim-apply takes: 0.0606151 s
	prune takes: 0.0229099 s
step 6 (Total) : 0.291435 s
---------------------------------------------------------------
step 7 : m_(2,4) = {1@(79,79)} x m_(2,4)
	dim-apply takes: 0.0367172 s
	prune takes: 0 s
step 7 (Total) : 0.0367291 s
---------------------------------------------------------------
step 8 : m_(6,4) = G x m_(2,4).T().D()*4
	diag-reduce takes : 0.184138 s
	mmul-scalar takes : 0.000384092 s
	dim-apply takes: 0.0563011 s
	prune takes: 0.022619 s
step 8 (Total) : 0.263479 s
---------------------------------------------------------------
step 9 : m_(6,4) = m_(3,5).T().D() x m_(6,4)
	diag-reduce takes : 0.106405 s
	mmul-scalar takes : 0 s
	dim-apply takes: 0.02847 s
	prune takes: 0.000285864 s
step 9 (Total) : 0.135184 s
---------------------------------------------------------------
step 10 : m_(3,5) = m_(3,5) x m_(6,4).D()
	diag-reduce takes : 0.109638 s
	mmul-scalar takes : 0 s
	dim-apply takes: 0.0397282 s
	prune takes: 0.00050807 s
step 10 (Total) : 0.149898 s
---------------------------------------------------------------
step 11 : m_(4,3) = m_(6,4).T().D() x m_(4,3)
	diag-reduce takes : 0.093317 s
	mmul-scalar takes : 0 s
	dim-apply takes: 0.02946 s
	prune takes: 0.000572205 s
step 11 (Total) : 0.123369 s
---------------------------------------------------------------
step 12 : m_(3,5) = m_(4,3).T().D() x m_(3,5)
	diag-reduce takes : 0.084368 s
	mmul-scalar takes : 0 s
	dim-apply takes: 0.027843 s
	prune takes: 0.000488043 s
step 12 (Total) : 0.112717 s
---------------------------------------------------------------
step 13 : m_(5,0) = m_(3,5).T().D() x m_(5,0)
	diag-reduce takes : 0.0904632 s
	mmul-scalar takes : 0 s
	dim-apply takes: 0.0263851 s
	prune takes: 0 s
step 13 (Total) : 0.116864 s
---------------------------------------------------------------
1215871 [ 1215871, 1 ]
	enum takes 0.20317 s
	imbalance : 16.0767
---------------------------------------------------------------
query7 mmul_scalar time : 0.00208235 s
query7 prune time : 0.141057 s
query7 diag_reduce time : 1.3421 s
query7 dim_apply time : 0.623271 s
query7 time (Total) : 2.10897 s
