---------------------------------------------------------------
starting reading lubm10240 data......
Matrix is Float
Total number of nonzeros expected across all processors is 1366712443
File is 25140824453 bytes
As a whole: 336506397 rows and 336506397 columns and 1366485519 nonzeros
	read file takes : 13.1265 s
	original imbalance of G : 0.540468
	permutation takes : 25.3322 s
	imbalance of permuted G : 0.264104
	transpose G takes : 0.07916 s
graph load (Total) : 38.7231 s
---------------------------------------------------------------
step 1 : m_(5,0) = G x {1@(1345,1345)}*6
	dim-apply takes: 0.121513 s
	prune takes: 0.00433803 s
step 1 (Total) : 0.125889 s
---------------------------------------------------------------
step 2 : m_(3, 5) = G * m_(5, 0).D()*13
	diag-reduce takes : 0.199333 s
	mmul-scalar takes : 0.000103951 s
	dim-apply takes: 0.0288658 s
	prune takes: 0.00488615 s
step 2 (Total) : 0.233236 s
---------------------------------------------------------------
step 3 : m_(1,3) = G.T() x m_(3,5).D()*6
	diag-reduce takes : 0.076797 s
	mmul-scalar takes : 9.48906e-05 s
	dim-apply takes: 0.0286851 s
	prune takes: 0.00400209 s
step 3 (Total) : 0.109614 s
---------------------------------------------------------------
step 4 : m_(1,3) = {1@(43,43)} x m_(1,3)
	dim-apply takes: 0.02371 s
	prune takes: 9.53674e-07 s
step 4 (Total) : 0.02372 s
---------------------------------------------------------------
step 5 : m_(4,3) = G.T() x m_(1,3).T().D()*8
	diag-reduce takes : 0.0941391 s
	mmul-scalar takes : 9.60827e-05 s
	dim-apply takes: 0.0334489 s
	prune takes: 0.00499511 s
step 5 (Total) : 0.132703 s
---------------------------------------------------------------
step 6 : m_(2,4) = G.T() x m_(4,3).D()*6
	diag-reduce takes : 0.097703 s
	mmul-scalar takes : 9.48906e-05 s
	dim-apply takes: 0.0277622 s
	prune takes: 0.00400686 s
step 6 (Total) : 0.1296 s
---------------------------------------------------------------
step 7 : m_(2,4) = {1@(79,79)} x m_(2,4)
	dim-apply takes: 0.0163991 s
	prune takes: 9.53674e-07 s
step 7 (Total) : 0.0164089 s
---------------------------------------------------------------
step 8 : m_(6,4) = G x m_(2,4).T().D()*4
	diag-reduce takes : 0.0924561 s
	mmul-scalar takes : 9.58443e-05 s
	dim-apply takes: 0.0295331 s
	prune takes: 0.00477481 s
step 8 (Total) : 0.126886 s
---------------------------------------------------------------
step 9 : m_(6,4) = m_(3,5).T().D() x m_(6,4)
	diag-reduce takes : 0.060092 s
	mmul-scalar takes : 0 s
	dim-apply takes: 0.017257 s
	prune takes: 7.48634e-05 s
step 9 (Total) : 0.0774441 s
---------------------------------------------------------------
step 10 : m_(3,5) = m_(3,5) x m_(6,4).D()
	diag-reduce takes : 0.063416 s
	mmul-scalar takes : 0 s
	dim-apply takes: 0.0241029 s
	prune takes: 0.000152111 s
step 10 (Total) : 0.0877039 s
---------------------------------------------------------------
step 11 : m_(4,3) = m_(6,4).T().D() x m_(4,3)
	diag-reduce takes : 0.053355 s
	mmul-scalar takes : 0 s
	dim-apply takes: 0.0147679 s
	prune takes: 0.000139952 s
step 11 (Total) : 0.0682819 s
---------------------------------------------------------------
step 12 : m_(3,5) = m_(4,3).T().D() x m_(3,5)
	diag-reduce takes : 0.052803 s
	mmul-scalar takes : 0 s
	dim-apply takes: 0.0148292 s
	prune takes: 0.000113964 s
step 12 (Total) : 0.0677631 s
---------------------------------------------------------------
step 13 : m_(5,0) = m_(3,5).T().D() x m_(5,0)
	diag-reduce takes : 0.053076 s
	mmul-scalar takes : 0 s
	dim-apply takes: 0.0145969 s
	prune takes: 9.53674e-07 s
step 13 (Total) : 0.0676901 s
---------------------------------------------------------------
1215871 [ 1215871, 1 ]
	enum takes 0.204673 s
	imbalance : 32.4944
---------------------------------------------------------------
query7 mmul_scalar time : 0.000485659 s
query7 prune time : 0.0274868 s
query7 diag_reduce time : 0.84317 s
query7 dim_apply time : 0.395471 s
query7 time (Total) : 1.26701 s
