---------------------------------------------------------------
starting reading lubm10240 data......
Matrix is Float
Total number of nonzeros expected across all processors is 1366712443
File is 25140824453 bytes
As a whole: 336506397 rows and 336506397 columns and 1366485519 nonzeros
	read file takes : 16.0059 s
	original imbalance of G : 0.540468
	permutation takes : 30.1586 s
	imbalance of permuted G : 0.979528
	transpose G takes : 0.084295 s
graph load (Total) : 46.8993 s
---------------------------------------------------------------
step 1 : m_(5,0) = G x {1@(1345,1345)}*6
	dim-apply takes: 0.132497 s
	prune takes: 0.00473094 s
step 1 (Total) : 0.137279 s
---------------------------------------------------------------
step 2 : m_(3, 5) = G * m_(5, 0).D()*13
	diag-reduce takes : 0.0859621 s
	mmul-scalar takes : 0.00011301 s
	dim-apply takes: 0.103686 s
	prune takes: 0.00529385 s
step 2 (Total) : 0.195114 s
---------------------------------------------------------------
step 3 : m_(1,3) = G.T() x m_(3,5).D()*6
	diag-reduce takes : 0.086514 s
	mmul-scalar takes : 0.000100851 s
	dim-apply takes: 0.0959721 s
	prune takes: 0.00402689 s
step 3 (Total) : 0.186655 s
---------------------------------------------------------------
step 4 : m_(1,3) = {1@(43,43)} x m_(1,3)
	dim-apply takes: 0.045511 s
	prune takes: 9.53674e-07 s
step 4 (Total) : 0.0455332 s
---------------------------------------------------------------
step 5 : m_(4,3) = G.T() x m_(1,3).T().D()*8
	diag-reduce takes : 0.187623 s
	mmul-scalar takes : 0.000100851 s
	dim-apply takes: 0.0953991 s
	prune takes: 0.00506186 s
step 5 (Total) : 0.288237 s
---------------------------------------------------------------
step 6 : m_(2,4) = G.T() x m_(4,3).D()*6
	diag-reduce takes : 0.12371 s
	mmul-scalar takes : 9.98974e-05 s
	dim-apply takes: 0.0894139 s
	prune takes: 0.00406694 s
step 6 (Total) : 0.217333 s
---------------------------------------------------------------
step 7 : m_(2,4) = {1@(79,79)} x m_(2,4)
	dim-apply takes: 0.0197511 s
	prune takes: 9.53674e-07 s
step 7 (Total) : 0.0197752 s
---------------------------------------------------------------
step 8 : m_(6,4) = G x m_(2,4).T().D()*4
	diag-reduce takes : 0.203093 s
	mmul-scalar takes : 0.000102043 s
	dim-apply takes: 0.0904911 s
	prune takes: 0.00523591 s
step 8 (Total) : 0.298963 s
---------------------------------------------------------------
step 9 : m_(6,4) = m_(3,5).T().D() x m_(6,4)
	diag-reduce takes : 0.135464 s
	mmul-scalar takes : 9.53674e-07 s
	dim-apply takes: 0.0348151 s
	prune takes: 9.89437e-05 s
step 9 (Total) : 0.170416 s
---------------------------------------------------------------
step 10 : m_(3,5) = m_(3,5) x m_(6,4).D()
	diag-reduce takes : 0.0688369 s
	mmul-scalar takes : 0 s
	dim-apply takes: 0.087225 s
	prune takes: 0.000150919 s
step 10 (Total) : 0.156237 s
---------------------------------------------------------------
step 11 : m_(4,3) = m_(6,4).T().D() x m_(4,3)
	diag-reduce takes : 0.139507 s
	mmul-scalar takes : 9.53674e-07 s
	dim-apply takes: 0.017909 s
	prune takes: 0.000160933 s
step 11 (Total) : 0.157614 s
---------------------------------------------------------------
step 12 : m_(3,5) = m_(4,3).T().D() x m_(3,5)
	diag-reduce takes : 0.135397 s
	mmul-scalar takes : 9.53674e-07 s
	dim-apply takes: 0.0182512 s
	prune takes: 0.00012517 s
step 12 (Total) : 0.153811 s
---------------------------------------------------------------
step 13 : m_(5,0) = m_(3,5).T().D() x m_(5,0)
	diag-reduce takes : 0.136867 s
	mmul-scalar takes : 0 s
	dim-apply takes: 0.017879 s
	prune takes: 9.53674e-07 s
step 13 (Total) : 0.154779 s
---------------------------------------------------------------
1215871 [ 1215871, 1 ]
	enum takes 0.220616 s
	imbalance : 32.347
---------------------------------------------------------------
query7 mmul_scalar time : 0.000519514 s
query7 prune time : 0.0289552 s
query7 diag_reduce time : 1.30297 s
query7 dim_apply time : 0.848801 s
query7 time (Total) : 2.18187 s
