---------------------------------------------------------------
starting reading lubm10240 data......
Matrix is Float
Total number of nonzeros expected across all processors is 1366712443
File is 25140824453 bytes
As a whole: 336506397 rows and 336506397 columns and 750890799 nonzeros
	read file takes : 182.484 s
	original imbalance of G : 1.7817
	permutation takes : 291.207 s
	imbalance of permuted G : 1.02909
	transpose G takes : 20.6835 s
graph load (Total) : 494.375 s
---------------------------------------------------------------
step 1 : m_(5,0) = G x {1@(1345,1345)}*6
	dim-apply takes: 3.17452 s
	prune takes: 0.757633 s
step 1 (Total) : 3.93222 s
---------------------------------------------------------------
step 2 : m_(3, 5) = G * m_(5, 0).D()*13
	diag-reduce takes : 0.810006 s
	mmul-scalar takes : 0.043503 s
	dim-apply takes: 0.709735 s
	prune takes: 0.79769 s
step 2 (Total) : 2.36105 s
---------------------------------------------------------------
step 3 : m_(1,3) = G.T() x m_(3,5).D()*6
	diag-reduce takes : 0.567249 s
	mmul-scalar takes : 0.0437982 s
	dim-apply takes: 1.12648 s
	prune takes: 1.56706 s
step 3 (Total) : 3.30468 s
---------------------------------------------------------------
step 4 : m_(1,3) = {1@(43,43)} x m_(1,3)
	dim-apply takes: 0.121517 s
	prune takes: 0.00148702 s
step 4 (Total) : 0.123033 s
---------------------------------------------------------------
step 5 : m_(4,3) = G.T() x m_(1,3).T().D()*8
	diag-reduce takes : 0.787909 s
	mmul-scalar takes : 0.0551941 s
	dim-apply takes: 1.08486 s
	prune takes: 1.53547 s
step 5 (Total) : 3.46352 s
---------------------------------------------------------------
step 6 : m_(2,4) = G.T() x m_(4,3).D()*6
	diag-reduce takes : 0.76571 s
	mmul-scalar takes : 0.0542221 s
	dim-apply takes: 1.0798 s
	prune takes: 1.51748 s
step 6 (Total) : 3.4173 s
---------------------------------------------------------------
step 7 : m_(2,4) = {1@(79,79)} x m_(2,4)
	dim-apply takes: 0.115378 s
	prune takes: 2.14577e-06 s
step 7 (Total) : 0.115406 s
---------------------------------------------------------------
step 8 : m_(6,4) = G x m_(2,4).T().D()*4
	diag-reduce takes : 0.818919 s
	mmul-scalar takes : 0.0437951 s
	dim-apply takes: 0.703239 s
	prune takes: 0.764667 s
step 8 (Total) : 2.33072 s
---------------------------------------------------------------
step 9 : m_(6,4) = m_(3,5).T().D() x m_(6,4)
	diag-reduce takes : 0.655612 s
	mmul-scalar takes : 0 s
	dim-apply takes: 0.118072 s
	prune takes: 9.60827e-05 s
step 9 (Total) : 0.77385 s
---------------------------------------------------------------
step 10 : m_(3,5) = m_(3,5) x m_(6,4).D()
	diag-reduce takes : 0.541965 s
	mmul-scalar takes : 0 s
	dim-apply takes: 0.19124 s
	prune takes: 0.00312996 s
step 10 (Total) : 0.736401 s
---------------------------------------------------------------
step 11 : m_(4,3) = m_(6,4).T().D() x m_(4,3)
	diag-reduce takes : 0.647148 s
	mmul-scalar takes : 0 s
	dim-apply takes: 0.12884 s
	prune takes: 0.00190997 s
step 11 (Total) : 0.777962 s
---------------------------------------------------------------
step 12 : m_(3,5) = m_(4,3).T().D() x m_(3,5)
	diag-reduce takes : 0.655064 s
	mmul-scalar takes : 0 s
	dim-apply takes: 0.123519 s
	prune takes: 5.22137e-05 s
step 12 (Total) : 0.778698 s
---------------------------------------------------------------
step 13 : m_(5,0) = m_(3,5).T().D() x m_(5,0)
	diag-reduce takes : 0.654163 s
	mmul-scalar takes : 0 s
	dim-apply takes: 0.123351 s
	prune takes: 1.90735e-06 s
step 13 (Total) : 0.777575 s
---------------------------------------------------------------
2080 [ 2080, 1 ]
	enum takes 1.33444 s
	imbalance : 2.00192
---------------------------------------------------------------
query7 mmul_scalar time : 0.240513 s
query7 prune time : 6.94668 s
query7 diag_reduce time : 6.90374 s
query7 dim_apply time : 8.80055 s
query7 time (Total) : 22.8925 s
