---------------------------------------------------------------
starting reading lubm10240 data......
Matrix is Float
Total number of nonzeros expected across all processors is 1366712443
File is 25140824453 bytes
As a whole: 336506397 rows and 336506397 columns and 1366485519 nonzeros
	read file takes : 42.7228 s
	original imbalance of G : 2.97521
	permutation takes : 114.588 s
	imbalance of permuted G : 1.92834
	transpose G takes : 4.17046 s
graph load (Total) : 161.555 s
---------------------------------------------------------------
step 1 : m_(5,0) = G x {1@(1345,1345)}*6
	dim-apply takes: 0.618707 s
	prune takes: 0.136317 s
step 1 (Total) : 0.755095 s
---------------------------------------------------------------
step 2 : m_(3, 5) = G * m_(5, 0).D()*13
	diag-reduce takes : 0.24428 s
	mmul-scalar takes : 0.00311494 s
	dim-apply takes: 0.371893 s
	prune takes: 0.138667 s
step 2 (Total) : 0.758048 s
---------------------------------------------------------------
step 3 : m_(1,3) = G.T() x m_(3,5).D()*6
	diag-reduce takes : 0.258526 s
	mmul-scalar takes : 0.00305486 s
	dim-apply takes: 0.472085 s
	prune takes: 0.406808 s
step 3 (Total) : 1.14056 s
---------------------------------------------------------------
step 4 : m_(1,3) = {1@(43,43)} x m_(1,3)
	dim-apply takes: 0.15464 s
	prune takes: 0.0232558 s
step 4 (Total) : 0.177958 s
---------------------------------------------------------------
step 5 : m_(4,3) = G.T() x m_(1,3).T().D()*8
	diag-reduce takes : 0.425867 s
	mmul-scalar takes : 0.00295687 s
	dim-apply takes: 0.464449 s
	prune takes: 0.382111 s
step 5 (Total) : 1.27547 s
---------------------------------------------------------------
step 6 : m_(2,4) = G.T() x m_(4,3).D()*6
	diag-reduce takes : 0.257999 s
	mmul-scalar takes : 0.00276804 s
	dim-apply takes: 0.449018 s
	prune takes: 0.379717 s
step 6 (Total) : 1.0896 s
---------------------------------------------------------------
step 7 : m_(2,4) = {1@(79,79)} x m_(2,4)
	dim-apply takes: 0.157275 s
	prune takes: 1.90735e-06 s
step 7 (Total) : 0.15731 s
---------------------------------------------------------------
step 8 : m_(6,4) = G x m_(2,4).T().D()*4
	diag-reduce takes : 0.403865 s
	mmul-scalar takes : 0.00323009 s
	dim-apply takes: 0.352769 s
	prune takes: 0.143711 s
step 8 (Total) : 0.903653 s
---------------------------------------------------------------
step 9 : m_(6,4) = m_(3,5).T().D() x m_(6,4)
	diag-reduce takes : 0.347685 s
	mmul-scalar takes : 0 s
	dim-apply takes: 0.123821 s
	prune takes: 0.00113893 s
step 9 (Total) : 0.472701 s
---------------------------------------------------------------
step 10 : m_(3,5) = m_(3,5) x m_(6,4).D()
	diag-reduce takes : 0.243934 s
	mmul-scalar takes : 0 s
	dim-apply takes: 0.250047 s
	prune takes: 0.00247788 s
step 10 (Total) : 0.496519 s
---------------------------------------------------------------
step 11 : m_(4,3) = m_(6,4).T().D() x m_(4,3)
	diag-reduce takes : 0.423968 s
	mmul-scalar takes : 0 s
	dim-apply takes: 0.118173 s
	prune takes: 0.00266004 s
step 11 (Total) : 0.544863 s
---------------------------------------------------------------
step 12 : m_(3,5) = m_(4,3).T().D() x m_(3,5)
	diag-reduce takes : 0.412044 s
	mmul-scalar takes : 0 s
	dim-apply takes: 0.137048 s
	prune takes: 0.00237894 s
step 12 (Total) : 0.551543 s
---------------------------------------------------------------
step 13 : m_(5,0) = m_(3,5).T().D() x m_(5,0)
	diag-reduce takes : 0.42122 s
	mmul-scalar takes : 0 s
	dim-apply takes: 0.141409 s
	prune takes: 0 s
step 13 (Total) : 0.562688 s
---------------------------------------------------------------
1215871 [ 1215871, 1 ]
	enum takes 0.68533 s
	imbalance : 8.04291
---------------------------------------------------------------
query7 mmul_scalar time : 0.0151248 s
query7 prune time : 1.61924 s
query7 diag_reduce time : 3.43939 s
query7 dim_apply time : 3.81133 s
query7 time (Total) : 8.88611 s
