---------------------------------------------------------------
starting reading lubm10240 data......
Matrix is Float
Total number of nonzeros expected across all processors is 1366712443
File is 25140824453 bytes
As a whole: 336506397 rows and 336506397 columns and 1366485519 nonzeros
	read file takes : 21.5813 s
	original imbalance of G : 1.48066
	permutation takes : 50.0712 s
	imbalance of permuted G : 2.04014
	transpose G takes : 0.411039 s
graph load (Total) : 72.3366 s
---------------------------------------------------------------
step 1 : m_(5,0) = G x {1@(1345,1345)}*6
	dim-apply takes: 0.105566 s
	prune takes: 0.0216379 s
step 1 (Total) : 0.127253 s
---------------------------------------------------------------
step 2 : m_(3, 5) = G * m_(5, 0).D()*13
	diag-reduce takes : 0.156328 s
	mmul-scalar takes : 0.000635862 s
	dim-apply takes: 0.0900931 s
	prune takes: 0.0236201 s
step 2 (Total) : 0.270753 s
---------------------------------------------------------------
step 3 : m_(1,3) = G.T() x m_(3,5).D()*6
	diag-reduce takes : 0.165132 s
	mmul-scalar takes : 0.000686169 s
	dim-apply takes: 0.089431 s
	prune takes: 0.0239902 s
step 3 (Total) : 0.279316 s
---------------------------------------------------------------
step 4 : m_(1,3) = {1@(43,43)} x m_(1,3)
	dim-apply takes: 0.074002 s
	prune takes: 9.53674e-07 s
step 4 (Total) : 0.0740249 s
---------------------------------------------------------------
step 5 : m_(4,3) = G.T() x m_(1,3).T().D()*8
	diag-reduce takes : 0.216918 s
	mmul-scalar takes : 0.000403166 s
	dim-apply takes: 0.0906479 s
	prune takes: 0.0275831 s
step 5 (Total) : 0.335624 s
---------------------------------------------------------------
step 6 : m_(2,4) = G.T() x m_(4,3).D()*6
	diag-reduce takes : 0.215602 s
	mmul-scalar takes : 0.000619888 s
	dim-apply takes: 0.0912421 s
	prune takes: 0.0236211 s
step 6 (Total) : 0.331149 s
---------------------------------------------------------------
step 7 : m_(2,4) = {1@(79,79)} x m_(2,4)
	dim-apply takes: 0.055706 s
	prune takes: 9.53674e-07 s
step 7 (Total) : 0.0557261 s
---------------------------------------------------------------
step 8 : m_(6,4) = G x m_(2,4).T().D()*4
	diag-reduce takes : 0.230605 s
	mmul-scalar takes : 0.000440121 s
	dim-apply takes: 0.094239 s
	prune takes: 0.0231969 s
step 8 (Total) : 0.348545 s
---------------------------------------------------------------
step 9 : m_(6,4) = m_(3,5).T().D() x m_(6,4)
	diag-reduce takes : 0.145716 s
	mmul-scalar takes : 0 s
	dim-apply takes: 0.0461931 s
	prune takes: 0.000279903 s
step 9 (Total) : 0.192233 s
---------------------------------------------------------------
step 10 : m_(3,5) = m_(3,5) x m_(6,4).D()
	diag-reduce takes : 0.121082 s
	mmul-scalar takes : 0 s
	dim-apply takes: 0.068131 s
	prune takes: 0.000560999 s
step 10 (Total) : 0.189824 s
---------------------------------------------------------------
step 11 : m_(4,3) = m_(6,4).T().D() x m_(4,3)
	diag-reduce takes : 0.141914 s
	mmul-scalar takes : 0 s
	dim-apply takes: 0.0294402 s
	prune takes: 0.00058198 s
step 11 (Total) : 0.171994 s
---------------------------------------------------------------
step 12 : m_(3,5) = m_(4,3).T().D() x m_(3,5)
	diag-reduce takes : 0.153042 s
	mmul-scalar takes : 0 s
	dim-apply takes: 0.026005 s
	prune takes: 0.00050807 s
step 12 (Total) : 0.179604 s
---------------------------------------------------------------
step 13 : m_(5,0) = m_(3,5).T().D() x m_(5,0)
	diag-reduce takes : 0.145334 s
	mmul-scalar takes : 0 s
	dim-apply takes: 0.0293889 s
	prune takes: 9.53674e-07 s
step 13 (Total) : 0.174768 s
---------------------------------------------------------------
1215871 [ 1215871, 1 ]
	enum takes 0.302102 s
	imbalance : 16.1362
---------------------------------------------------------------
query7 mmul_scalar time : 0.00278521 s
query7 prune time : 0.145583 s
query7 diag_reduce time : 1.69167 s
query7 dim_apply time : 0.890085 s
query7 time (Total) : 2.73099 s
