---------------------------------------------------------------
starting reading lubm10240 data......
Matrix is Float
Total number of nonzeros expected across all processors is 1366712443
File is 25140824453 bytes
As a whole: 336506397 rows and 336506397 columns and 1366485519 nonzeros
	read file takes : 39.5225 s
	original imbalance of G : 2.97521
	permutation takes : 104.777 s
	imbalance of permuted G : 1.76178
	transpose G takes : 1.69758 s
graph load (Total) : 146.783 s
---------------------------------------------------------------
step 1 : m_(5,0) = G x {1@(1345,1345)}*6
	dim-apply takes: 0.484952 s
	prune takes: 0.089396 s
step 1 (Total) : 0.574414 s
---------------------------------------------------------------
step 2 : m_(3, 5) = G * m_(5, 0).D()*13
	diag-reduce takes : 0.363935 s
	mmul-scalar takes : 0.00248718 s
	dim-apply takes: 0.18918 s
	prune takes: 0.0957959 s
step 2 (Total) : 0.651491 s
---------------------------------------------------------------
step 3 : m_(1,3) = G.T() x m_(3,5).D()*6
	diag-reduce takes : 0.340814 s
	mmul-scalar takes : 0.00247478 s
	dim-apply takes: 0.200869 s
	prune takes: 0.11216 s
step 3 (Total) : 0.656405 s
---------------------------------------------------------------
step 4 : m_(1,3) = {1@(43,43)} x m_(1,3)
	dim-apply takes: 0.129396 s
	prune takes: 1.19209e-06 s
step 4 (Total) : 0.129434 s
---------------------------------------------------------------
step 5 : m_(4,3) = G.T() x m_(1,3).T().D()*8
	diag-reduce takes : 0.598966 s
	mmul-scalar takes : 0.00246 s
	dim-apply takes: 0.186099 s
	prune takes: 0.125896 s
step 5 (Total) : 0.913496 s
---------------------------------------------------------------
step 6 : m_(2,4) = G.T() x m_(4,3).D()*6
	diag-reduce takes : 0.577457 s
	mmul-scalar takes : 0.00249004 s
	dim-apply takes: 0.207275 s
	prune takes: 0.111822 s
step 6 (Total) : 0.899113 s
---------------------------------------------------------------
step 7 : m_(2,4) = {1@(79,79)} x m_(2,4)
	dim-apply takes: 0.134265 s
	prune takes: 2.14577e-06 s
step 7 (Total) : 0.134293 s
---------------------------------------------------------------
step 8 : m_(6,4) = G x m_(2,4).T().D()*4
	diag-reduce takes : 0.555121 s
	mmul-scalar takes : 0.00246 s
	dim-apply takes: 0.179599 s
	prune takes: 0.0954061 s
step 8 (Total) : 0.832654 s
---------------------------------------------------------------
step 9 : m_(6,4) = m_(3,5).T().D() x m_(6,4)
	diag-reduce takes : 0.274421 s
	mmul-scalar takes : 0 s
	dim-apply takes: 0.10327 s
	prune takes: 0.00100899 s
step 9 (Total) : 0.378755 s
---------------------------------------------------------------
step 10 : m_(3,5) = m_(3,5) x m_(6,4).D()
	diag-reduce takes : 0.278249 s
	mmul-scalar takes : 0 s
	dim-apply takes: 0.131945 s
	prune takes: 0.00227714 s
step 10 (Total) : 0.412531 s
---------------------------------------------------------------
step 11 : m_(4,3) = m_(6,4).T().D() x m_(4,3)
	diag-reduce takes : 0.263026 s
	mmul-scalar takes : 0 s
	dim-apply takes: 0.109141 s
	prune takes: 0.00222516 s
step 11 (Total) : 0.374448 s
---------------------------------------------------------------
step 12 : m_(3,5) = m_(4,3).T().D() x m_(3,5)
	diag-reduce takes : 0.256832 s
	mmul-scalar takes : 0 s
	dim-apply takes: 0.103898 s
	prune takes: 0.00212407 s
step 12 (Total) : 0.362904 s
---------------------------------------------------------------
step 13 : m_(5,0) = m_(3,5).T().D() x m_(5,0)
	diag-reduce takes : 0.264216 s
	mmul-scalar takes : 0 s
	dim-apply takes: 0.100613 s
	prune takes: 2.14577e-06 s
step 13 (Total) : 0.364876 s
---------------------------------------------------------------
1215871 [ 1215871, 1 ]
	enum takes 0.564701 s
	imbalance : 8.01901
---------------------------------------------------------------
query7 mmul_scalar time : 0.012372 s
query7 prune time : 0.638117 s
query7 diag_reduce time : 3.77304 s
query7 dim_apply time : 2.2605 s
query7 time (Total) : 6.68498 s
