---------------------------------------------------------------
starting reading lubm10240 data......
Matrix is Float
Total number of nonzeros expected across all processors is 1366712443
File is 25140824453 bytes
As a whole: 336506397 rows and 336506397 columns and 1366485519 nonzeros
	read file takes : 13.3302 s
	original imbalance of G : 0.540468
	permutation takes : 34.8948 s
	imbalance of permuted G : 0.240112
	transpose G takes : 0.10428 s
graph load (Total) : 48.5978 s
---------------------------------------------------------------
step 1 : m_(5,0) = G x {1@(1345,1345)}*6
	dim-apply takes: 0.175661 s
	prune takes: 0.00559211 s
step 1 (Total) : 0.181309 s
---------------------------------------------------------------
step 2 : m_(3, 5) = G * m_(5, 0).D()*13
	diag-reduce takes : 0.0735109 s
	mmul-scalar takes : 0.000149012 s
	dim-apply takes: 0.170065 s
	prune takes: 0.00619793 s
step 2 (Total) : 0.250015 s
---------------------------------------------------------------
step 3 : m_(1,3) = G.T() x m_(3,5).D()*6
	diag-reduce takes : 0.0784459 s
	mmul-scalar takes : 0.000161886 s
	dim-apply takes: 0.166734 s
	prune takes: 0.00489306 s
step 3 (Total) : 0.250301 s
---------------------------------------------------------------
step 4 : m_(1,3) = {1@(43,43)} x m_(1,3)
	dim-apply takes: 0.0497081 s
	prune takes: 9.53674e-07 s
step 4 (Total) : 0.049732 s
---------------------------------------------------------------
step 5 : m_(4,3) = G.T() x m_(1,3).T().D()*8
	diag-reduce takes : 0.291463 s
	mmul-scalar takes : 0.000112057 s
	dim-apply takes: 0.1493 s
	prune takes: 0.00599694 s
step 5 (Total) : 0.446968 s
---------------------------------------------------------------
step 6 : m_(2,4) = G.T() x m_(4,3).D()*6
	diag-reduce takes : 0.104516 s
	mmul-scalar takes : 0.000155926 s
	dim-apply takes: 0.158269 s
	prune takes: 0.00481606 s
step 6 (Total) : 0.267821 s
---------------------------------------------------------------
step 7 : m_(2,4) = {1@(79,79)} x m_(2,4)
	dim-apply takes: 0.0319588 s
	prune takes: 2.86102e-06 s
step 7 (Total) : 0.031987 s
---------------------------------------------------------------
step 8 : m_(6,4) = G x m_(2,4).T().D()*4
	diag-reduce takes : 0.309972 s
	mmul-scalar takes : 0.000114918 s
	dim-apply takes: 0.154222 s
	prune takes: 0.00603986 s
step 8 (Total) : 0.470421 s
---------------------------------------------------------------
step 9 : m_(6,4) = m_(3,5).T().D() x m_(6,4)
	diag-reduce takes : 0.275141 s
	mmul-scalar takes : 0 s
	dim-apply takes: 0.042732 s
	prune takes: 7.98702e-05 s
step 9 (Total) : 0.318006 s
---------------------------------------------------------------
step 10 : m_(3,5) = m_(3,5) x m_(6,4).D()
	diag-reduce takes : 0.062398 s
	mmul-scalar takes : 0 s
	dim-apply takes: 0.139066 s
	prune takes: 0.000167131 s
step 10 (Total) : 0.20168 s
---------------------------------------------------------------
step 11 : m_(4,3) = m_(6,4).T().D() x m_(4,3)
	diag-reduce takes : 0.303468 s
	mmul-scalar takes : 0 s
	dim-apply takes: 0.0208321 s
	prune takes: 0.000170946 s
step 11 (Total) : 0.32452 s
---------------------------------------------------------------
step 12 : m_(3,5) = m_(4,3).T().D() x m_(3,5)
	diag-reduce takes : 0.259955 s
	mmul-scalar takes : 0 s
	dim-apply takes: 0.0206192 s
	prune takes: 0.000144958 s
step 12 (Total) : 0.280765 s
---------------------------------------------------------------
step 13 : m_(5,0) = m_(3,5).T().D() x m_(5,0)
	diag-reduce takes : 0.263437 s
	mmul-scalar takes : 0 s
	dim-apply takes: 0.020674 s
	prune takes: 1.19209e-06 s
step 13 (Total) : 0.284153 s
---------------------------------------------------------------
1215871 [ 1215871, 1 ]
	enum takes 0.357526 s
	imbalance : 32.3563
---------------------------------------------------------------
query7 mmul_scalar time : 0.000693798 s
query7 prune time : 0.0341039 s
query7 diag_reduce time : 2.02231 s
query7 dim_apply time : 1.29984 s
query7 time (Total) : 3.35777 s
