---------------------------------------------------------------
starting reading lubm10240 data......
Matrix is Float
Total number of nonzeros expected across all processors is 1366712443
File is 25140824453 bytes
As a whole: 336506397 rows and 336506397 columns and 1366485519 nonzeros
	read file takes : 16.7345 s
	original imbalance of G : 0.540468
	permutation takes : 24.7861 s
	imbalance of permuted G : 0.199837
	transpose G takes : 0.0902109 s
graph load (Total) : 41.7787 s
---------------------------------------------------------------
step 1 : m_(5,0) = G x {1@(1345,1345)}*6
	dim-apply takes: 0.257254 s
	prune takes: 0.00458813 s
step 1 (Total) : 0.261877 s
---------------------------------------------------------------
step 2 : m_(3, 5) = G * m_(5, 0).D()*13
	diag-reduce takes : 0.262918 s
	mmul-scalar takes : 9.29832e-05 s
	dim-apply takes: 0.019748 s
	prune takes: 0.00507402 s
step 2 (Total) : 0.287871 s
---------------------------------------------------------------
step 3 : m_(1,3) = G.T() x m_(3,5).D()*6
	diag-reduce takes : 0.0446422 s
	mmul-scalar takes : 9.48906e-05 s
	dim-apply takes: 0.0197842 s
	prune takes: 0.004565 s
step 3 (Total) : 0.069124 s
---------------------------------------------------------------
step 4 : m_(1,3) = {1@(43,43)} x m_(1,3)
	dim-apply takes: 0.00937819 s
	prune takes: 9.53674e-07 s
step 4 (Total) : 0.00939012 s
---------------------------------------------------------------
step 5 : m_(4,3) = G.T() x m_(1,3).T().D()*8
	diag-reduce takes : 0.0690649 s
	mmul-scalar takes : 9.5129e-05 s
	dim-apply takes: 0.016984 s
	prune takes: 0.00562787 s
step 5 (Total) : 0.0918019 s
---------------------------------------------------------------
step 6 : m_(2,4) = G.T() x m_(4,3).D()*6
	diag-reduce takes : 0.0676949 s
	mmul-scalar takes : 9.60827e-05 s
	dim-apply takes: 0.020859 s
	prune takes: 0.00443697 s
step 6 (Total) : 0.0931201 s
---------------------------------------------------------------
step 7 : m_(2,4) = {1@(79,79)} x m_(2,4)
	dim-apply takes: 0.00970793 s
	prune takes: 9.53674e-07 s
step 7 (Total) : 0.00972104 s
---------------------------------------------------------------
step 8 : m_(6,4) = G x m_(2,4).T().D()*4
	diag-reduce takes : 0.071517 s
	mmul-scalar takes : 0.000102997 s
	dim-apply takes: 0.017808 s
	prune takes: 0.00503612 s
step 8 (Total) : 0.0944881 s
---------------------------------------------------------------
step 9 : m_(6,4) = m_(3,5).T().D() x m_(6,4)
	diag-reduce takes : 0.0446808 s
	mmul-scalar takes : 0 s
	dim-apply takes: 0.00834703 s
	prune takes: 9.29832e-05 s
step 9 (Total) : 0.053144 s
---------------------------------------------------------------
step 10 : m_(3,5) = m_(3,5) x m_(6,4).D()
	diag-reduce takes : 0.0310352 s
	mmul-scalar takes : 0 s
	dim-apply takes: 0.0133739 s
	prune takes: 0.00015378 s
step 10 (Total) : 0.0445859 s
---------------------------------------------------------------
step 11 : m_(4,3) = m_(6,4).T().D() x m_(4,3)
	diag-reduce takes : 0.036768 s
	mmul-scalar takes : 0 s
	dim-apply takes: 0.0083909 s
	prune takes: 0.000164986 s
step 11 (Total) : 0.045341 s
---------------------------------------------------------------
step 12 : m_(3,5) = m_(4,3).T().D() x m_(3,5)
	diag-reduce takes : 0.0368049 s
	mmul-scalar takes : 0 s
	dim-apply takes: 0.00833297 s
	prune takes: 0.000127077 s
step 12 (Total) : 0.045284 s
---------------------------------------------------------------
step 13 : m_(5,0) = m_(3,5).T().D() x m_(5,0)
	diag-reduce takes : 0.043231 s
	mmul-scalar takes : 0 s
	dim-apply takes: 0.00806999 s
	prune takes: 9.53674e-07 s
step 13 (Total) : 0.0513182 s
---------------------------------------------------------------
1215871 [ 1215871, 1 ]
	enum takes 0.066813 s
	imbalance : 32.4354
---------------------------------------------------------------
query7 mmul_scalar time : 0.000482082 s
query7 prune time : 0.0298698 s
query7 diag_reduce time : 0.708357 s
query7 dim_apply time : 0.418038 s
query7 time (Total) : 1.15716 s
