---------------------------------------------------------------
starting reading lubm10240 data......
Matrix is Float
Total number of nonzeros expected across all processors is 1366712443
File is 25140824453 bytes
As a whole: 336506397 rows and 336506397 columns and 1366485519 nonzeros
	read file takes : 48.2425 s
	original imbalance of G : 2.97521
	permutation takes : 129.673 s
	imbalance of permuted G : 1.50218
	transpose G takes : 3.32841 s
graph load (Total) : 181.503 s
---------------------------------------------------------------
step 1 : m_(5,0) = G x {1@(1345,1345)}*6
	dim-apply takes: 0.320836 s
	prune takes: 0.128979 s
step 1 (Total) : 0.449882 s
---------------------------------------------------------------
step 2 : m_(3, 5) = G * m_(5, 0).D()*13
	diag-reduce takes : 0.387422 s
	mmul-scalar takes : 0.00356388 s
	dim-apply takes: 0.372299 s
	prune takes: 0.135039 s
step 2 (Total) : 0.89843 s
---------------------------------------------------------------
step 3 : m_(1,3) = G.T() x m_(3,5).D()*6
	diag-reduce takes : 0.418191 s
	mmul-scalar takes : 0.00419402 s
	dim-apply takes: 0.428044 s
	prune takes: 0.240328 s
step 3 (Total) : 1.09085 s
---------------------------------------------------------------
step 4 : m_(1,3) = {1@(43,43)} x m_(1,3)
	dim-apply takes: 0.182266 s
	prune takes: 1.90735e-06 s
step 4 (Total) : 0.182296 s
---------------------------------------------------------------
step 5 : m_(4,3) = G.T() x m_(1,3).T().D()*8
	diag-reduce takes : 0.712473 s
	mmul-scalar takes : 0.00379181 s
	dim-apply takes: 0.424644 s
	prune takes: 0.25699 s
step 5 (Total) : 1.39798 s
---------------------------------------------------------------
step 6 : m_(2,4) = G.T() x m_(4,3).D()*6
	diag-reduce takes : 0.513846 s
	mmul-scalar takes : 0.00356913 s
	dim-apply takes: 0.411813 s
	prune takes: 0.24086 s
step 6 (Total) : 1.17018 s
---------------------------------------------------------------
step 7 : m_(2,4) = {1@(79,79)} x m_(2,4)
	dim-apply takes: 0.187628 s
	prune takes: 2.14577e-06 s
step 7 (Total) : 0.18766 s
---------------------------------------------------------------
step 8 : m_(6,4) = G x m_(2,4).T().D()*4
	diag-reduce takes : 0.716476 s
	mmul-scalar takes : 0.00398803 s
	dim-apply takes: 0.325731 s
	prune takes: 0.135407 s
step 8 (Total) : 1.1817 s
---------------------------------------------------------------
step 9 : m_(6,4) = m_(3,5).T().D() x m_(6,4)
	diag-reduce takes : 0.555248 s
	mmul-scalar takes : 0 s
	dim-apply takes: 0.113597 s
	prune takes: 0.00115991 s
step 9 (Total) : 0.670068 s
---------------------------------------------------------------
step 10 : m_(3,5) = m_(3,5) x m_(6,4).D()
	diag-reduce takes : 0.39085 s
	mmul-scalar takes : 0 s
	dim-apply takes: 0.277873 s
	prune takes: 0.00270391 s
step 10 (Total) : 0.671492 s
---------------------------------------------------------------
step 11 : m_(4,3) = m_(6,4).T().D() x m_(4,3)
	diag-reduce takes : 0.568246 s
	mmul-scalar takes : 0 s
	dim-apply takes: 0.137548 s
	prune takes: 0.00274992 s
step 11 (Total) : 0.708616 s
---------------------------------------------------------------
step 12 : m_(3,5) = m_(4,3).T().D() x m_(3,5)
	diag-reduce takes : 0.609688 s
	mmul-scalar takes : 0 s
	dim-apply takes: 0.135754 s
	prune takes: 0.00258994 s
step 12 (Total) : 0.748098 s
---------------------------------------------------------------
step 13 : m_(5,0) = m_(3,5).T().D() x m_(5,0)
	diag-reduce takes : 0.555001 s
	mmul-scalar takes : 0 s
	dim-apply takes: 0.140682 s
	prune takes: 9.53674e-07 s
step 13 (Total) : 0.695742 s
---------------------------------------------------------------
1215871 [ 1215871, 1 ]
	enum takes 0.992875 s
	imbalance : 8.02417
---------------------------------------------------------------
query7 mmul_scalar time : 0.0191069 s
query7 prune time : 1.14681 s
query7 diag_reduce time : 5.42744 s
query7 dim_apply time : 3.45872 s
query7 time (Total) : 10.0531 s
