---------------------------------------------------------------
starting reading lubm10240 data......
Matrix is Float
Total number of nonzeros expected across all processors is 1366712443
File is 25140824453 bytes
As a whole: 336506397 rows and 336506397 columns and 1366485519 nonzeros
	read file takes : 39.43 s
	original imbalance of G : 2.97521
	permutation takes : 98.9864 s
	imbalance of permuted G : 1.84885
	transpose G takes : 1.90324 s
graph load (Total) : 141.09 s
---------------------------------------------------------------
step 1 : m_(5,0) = G x {1@(1345,1345)}*6
	dim-apply takes: 0.41747 s
	prune takes: 0.092211 s
step 1 (Total) : 0.509734 s
---------------------------------------------------------------
step 2 : m_(3, 5) = G * m_(5, 0).D()*13
	diag-reduce takes : 0.370394 s
	mmul-scalar takes : 0.00268102 s
	dim-apply takes: 0.136299 s
	prune takes: 0.0983989 s
step 2 (Total) : 0.607852 s
---------------------------------------------------------------
step 3 : m_(1,3) = G.T() x m_(3,5).D()*6
	diag-reduce takes : 0.362923 s
	mmul-scalar takes : 0.00273609 s
	dim-apply takes: 0.163195 s
	prune takes: 0.156345 s
step 3 (Total) : 0.685268 s
---------------------------------------------------------------
step 4 : m_(1,3) = {1@(43,43)} x m_(1,3)
	dim-apply takes: 0.0876288 s
	prune takes: 0.00323391 s
step 4 (Total) : 0.0908859 s
---------------------------------------------------------------
step 5 : m_(4,3) = G.T() x m_(1,3).T().D()*8
	diag-reduce takes : 0.38766 s
	mmul-scalar takes : 0.00191808 s
	dim-apply takes: 0.159713 s
	prune takes: 0.153869 s
step 5 (Total) : 0.703232 s
---------------------------------------------------------------
step 6 : m_(2,4) = G.T() x m_(4,3).D()*6
	diag-reduce takes : 0.489079 s
	mmul-scalar takes : 0.00250292 s
	dim-apply takes: 0.165154 s
	prune takes: 0.140986 s
step 6 (Total) : 0.797787 s
---------------------------------------------------------------
step 7 : m_(2,4) = {1@(79,79)} x m_(2,4)
	dim-apply takes: 0.100189 s
	prune takes: 9.53674e-07 s
step 7 (Total) : 0.100208 s
---------------------------------------------------------------
step 8 : m_(6,4) = G x m_(2,4).T().D()*4
	diag-reduce takes : 0.38859 s
	mmul-scalar takes : 0.00206208 s
	dim-apply takes: 0.139117 s
	prune takes: 0.0982902 s
step 8 (Total) : 0.628121 s
---------------------------------------------------------------
step 9 : m_(6,4) = m_(3,5).T().D() x m_(6,4)
	diag-reduce takes : 0.208812 s
	mmul-scalar takes : 0 s
	dim-apply takes: 0.0856631 s
	prune takes: 0.000953913 s
step 9 (Total) : 0.295474 s
---------------------------------------------------------------
step 10 : m_(3,5) = m_(3,5) x m_(6,4).D()
	diag-reduce takes : 0.242061 s
	mmul-scalar takes : 0 s
	dim-apply takes: 0.08775 s
	prune takes: 0.00219393 s
step 10 (Total) : 0.332059 s
---------------------------------------------------------------
step 11 : m_(4,3) = m_(6,4).T().D() x m_(4,3)
	diag-reduce takes : 0.163517 s
	mmul-scalar takes : 0 s
	dim-apply takes: 0.088424 s
	prune takes: 0.00220394 s
step 11 (Total) : 0.254192 s
---------------------------------------------------------------
step 12 : m_(3,5) = m_(4,3).T().D() x m_(3,5)
	diag-reduce takes : 0.164521 s
	mmul-scalar takes : 0 s
	dim-apply takes: 0.085701 s
	prune takes: 0.00208783 s
step 12 (Total) : 0.252357 s
---------------------------------------------------------------
step 13 : m_(5,0) = m_(3,5).T().D() x m_(5,0)
	diag-reduce takes : 0.164057 s
	mmul-scalar takes : 0 s
	dim-apply takes: 0.0821631 s
	prune takes: 9.53674e-07 s
step 13 (Total) : 0.246266 s
---------------------------------------------------------------
1215871 [ 1215871, 1 ]
	enum takes 0.412774 s
	imbalance : 8.0528
---------------------------------------------------------------
query7 mmul_scalar time : 0.0119002 s
query7 prune time : 0.750776 s
query7 diag_reduce time : 2.94161 s
query7 dim_apply time : 1.79847 s
query7 time (Total) : 5.50351 s
