---------------------------------------------------------------
starting reading lubm10240 data......
Matrix is Float
Total number of nonzeros expected across all processors is 1366712443
File is 25140824453 bytes
As a whole: 336506397 rows and 336506397 columns and 1366485519 nonzeros
	read file takes : 23.7922 s
	original imbalance of G : 0.540468
	permutation takes : 37.907 s
	imbalance of permuted G : 0.223929
	transpose G takes : 0.188757 s
graph load (Total) : 62.0657 s
---------------------------------------------------------------
step 1 : m_(5,0) = G x {1@(1345,1345)}*6
	dim-apply takes: 0.266099 s
	prune takes: 0.007689 s
step 1 (Total) : 0.273894 s
---------------------------------------------------------------
step 2 : m_(3, 5) = G * m_(5, 0).D()*13
	diag-reduce takes : 0.11687 s
	mmul-scalar takes : 0.00041604 s
	dim-apply takes: 0.28107 s
	prune takes: 0.00734401 s
step 2 (Total) : 0.405889 s
---------------------------------------------------------------
step 3 : m_(1,3) = G.T() x m_(3,5).D()*6
	diag-reduce takes : 0.110338 s
	mmul-scalar takes : 0.000589132 s
	dim-apply takes: 0.274491 s
	prune takes: 0.00896502 s
step 3 (Total) : 0.39453 s
---------------------------------------------------------------
step 4 : m_(1,3) = {1@(43,43)} x m_(1,3)
	dim-apply takes: 0.063282 s
	prune takes: 9.53674e-07 s
step 4 (Total) : 0.0633202 s
---------------------------------------------------------------
step 5 : m_(4,3) = G.T() x m_(1,3).T().D()*8
	diag-reduce takes : 0.524141 s
	mmul-scalar takes : 0.000237942 s
	dim-apply takes: 0.262436 s
	prune takes: 0.013005 s
step 5 (Total) : 0.799991 s
---------------------------------------------------------------
step 6 : m_(2,4) = G.T() x m_(4,3).D()*6
	diag-reduce takes : 0.142547 s
	mmul-scalar takes : 0.000605106 s
	dim-apply takes: 0.260738 s
	prune takes: 0.0102091 s
step 6 (Total) : 0.41431 s
---------------------------------------------------------------
step 7 : m_(2,4) = {1@(79,79)} x m_(2,4)
	dim-apply takes: 0.0720489 s
	prune takes: 9.53674e-07 s
step 7 (Total) : 0.0720911 s
---------------------------------------------------------------
step 8 : m_(6,4) = G x m_(2,4).T().D()*4
	diag-reduce takes : 0.520234 s
	mmul-scalar takes : 0.000129223 s
	dim-apply takes: 0.267127 s
	prune takes: 0.00739002 s
step 8 (Total) : 0.795011 s
---------------------------------------------------------------
step 9 : m_(6,4) = m_(3,5).T().D() x m_(6,4)
	diag-reduce takes : 0.474787 s
	mmul-scalar takes : 0 s
	dim-apply takes: 0.0469241 s
	prune takes: 0.000103951 s
step 9 (Total) : 0.521896 s
---------------------------------------------------------------
step 10 : m_(3,5) = m_(3,5) x m_(6,4).D()
	diag-reduce takes : 0.0973341 s
	mmul-scalar takes : 0 s
	dim-apply takes: 0.276042 s
	prune takes: 0.00018692 s
step 10 (Total) : 0.373642 s
---------------------------------------------------------------
step 11 : m_(4,3) = m_(6,4).T().D() x m_(4,3)
	diag-reduce takes : 0.474343 s
	mmul-scalar takes : 0 s
	dim-apply takes: 0.0474021 s
	prune takes: 0.00019598 s
step 11 (Total) : 0.522025 s
---------------------------------------------------------------
step 12 : m_(3,5) = m_(4,3).T().D() x m_(3,5)
	diag-reduce takes : 0.483367 s
	mmul-scalar takes : 0 s
	dim-apply takes: 0.0456901 s
	prune takes: 0.000163078 s
step 12 (Total) : 0.529325 s
---------------------------------------------------------------
step 13 : m_(5,0) = m_(3,5).T().D() x m_(5,0)
	diag-reduce takes : 0.502696 s
	mmul-scalar takes : 0 s
	dim-apply takes: 0.0445011 s
	prune takes: 2.86102e-06 s
step 13 (Total) : 0.547297 s
---------------------------------------------------------------
1215871 [ 1215871, 1 ]
	enum takes 0.573755 s
	imbalance : 32.3251
---------------------------------------------------------------
query7 mmul_scalar time : 0.00197744 s
query7 prune time : 0.0552568 s
query7 diag_reduce time : 3.44666 s
query7 dim_apply time : 2.20785 s
query7 time (Total) : 5.71334 s
