---------------------------------------------------------------
starting reading lubm10240 data......
Matrix is Float
Total number of nonzeros expected across all processors is 1366712443
File is 25140824453 bytes
As a whole: 336506397 rows and 336506397 columns and 1366485519 nonzeros
	read file takes : 23.9905 s
	original imbalance of G : 1.48066
	permutation takes : 53.5578 s
	imbalance of permuted G : 2.14126
	transpose G takes : 0.795048 s
graph load (Total) : 78.4727 s
---------------------------------------------------------------
step 1 : m_(5,0) = G x {1@(1345,1345)}*6
	dim-apply takes: 0.140607 s
	prune takes: 0.030133 s
step 1 (Total) : 0.170796 s
---------------------------------------------------------------
step 2 : m_(3, 5) = G * m_(5, 0).D()*13
	diag-reduce takes : 0.168194 s
	mmul-scalar takes : 0.000636101 s
	dim-apply takes: 0.137435 s
	prune takes: 0.031707 s
step 2 (Total) : 0.338065 s
---------------------------------------------------------------
step 3 : m_(1,3) = G.T() x m_(3,5).D()*6
	diag-reduce takes : 0.152088 s
	mmul-scalar takes : 0.000632048 s
	dim-apply takes: 0.151216 s
	prune takes: 0.049227 s
step 3 (Total) : 0.353234 s
---------------------------------------------------------------
step 4 : m_(1,3) = {1@(43,43)} x m_(1,3)
	dim-apply takes: 0.083575 s
	prune takes: 3.09944e-06 s
step 4 (Total) : 0.0836151 s
---------------------------------------------------------------
step 5 : m_(4,3) = G.T() x m_(1,3).T().D()*8
	diag-reduce takes : 0.302838 s
	mmul-scalar takes : 0.000577927 s
	dim-apply takes: 0.143057 s
	prune takes: 0.0541768 s
step 5 (Total) : 0.500724 s
---------------------------------------------------------------
step 6 : m_(2,4) = G.T() x m_(4,3).D()*6
	diag-reduce takes : 0.200602 s
	mmul-scalar takes : 0.000709057 s
	dim-apply takes: 0.147841 s
	prune takes: 0.0490329 s
step 6 (Total) : 0.39826 s
---------------------------------------------------------------
step 7 : m_(2,4) = {1@(79,79)} x m_(2,4)
	dim-apply takes: 0.0766399 s
	prune takes: 9.53674e-07 s
step 7 (Total) : 0.0766649 s
---------------------------------------------------------------
step 8 : m_(6,4) = G x m_(2,4).T().D()*4
	diag-reduce takes : 0.301044 s
	mmul-scalar takes : 0.000452042 s
	dim-apply takes: 0.128349 s
	prune takes: 0.0317638 s
step 8 (Total) : 0.461679 s
---------------------------------------------------------------
step 9 : m_(6,4) = m_(3,5).T().D() x m_(6,4)
	diag-reduce takes : 0.242583 s
	mmul-scalar takes : 0 s
	dim-apply takes: 0.0438421 s
	prune takes: 0.000292063 s
step 9 (Total) : 0.28678 s
---------------------------------------------------------------
step 10 : m_(3,5) = m_(3,5) x m_(6,4).D()
	diag-reduce takes : 0.135576 s
	mmul-scalar takes : 0 s
	dim-apply takes: 0.11196 s
	prune takes: 0.000586033 s
step 10 (Total) : 0.248179 s
---------------------------------------------------------------
step 11 : m_(4,3) = m_(6,4).T().D() x m_(4,3)
	diag-reduce takes : 0.256907 s
	mmul-scalar takes : 0 s
	dim-apply takes: 0.032295 s
	prune takes: 0.000609875 s
step 11 (Total) : 0.289863 s
---------------------------------------------------------------
step 12 : m_(3,5) = m_(4,3).T().D() x m_(3,5)
	diag-reduce takes : 0.261449 s
	mmul-scalar takes : 0 s
	dim-apply takes: 0.03108 s
	prune takes: 0.000597 s
step 12 (Total) : 0.293179 s
---------------------------------------------------------------
step 13 : m_(5,0) = m_(3,5).T().D() x m_(5,0)
	diag-reduce takes : 0.258733 s
	mmul-scalar takes : 0 s
	dim-apply takes: 0.046968 s
	prune takes: 2.14577e-06 s
step 13 (Total) : 0.305748 s
---------------------------------------------------------------
1215871 [ 1215871, 1 ]
	enum takes 0.381738 s
	imbalance : 16.131
---------------------------------------------------------------
query7 mmul_scalar time : 0.00300717 s
query7 prune time : 0.248132 s
query7 diag_reduce time : 2.28001 s
query7 dim_apply time : 1.27486 s
query7 time (Total) : 3.80691 s
