---------------------------------------------------------------
starting reading lubm10240 data......
Matrix is Float
Total number of nonzeros expected across all processors is 1366712443
File is 25140824453 bytes
As a whole: 336506397 rows and 336506397 columns and 1366485519 nonzeros
	read file takes : 91.217 s
	original imbalance of G : 1.99284
	permutation takes : 230.263 s
	imbalance of permuted G : 1.56474
	transpose G takes : 13.5248 s
graph load (Total) : 335.124 s
---------------------------------------------------------------
step 1 : m_(5,0) = G x {1@(1345,1345)}*6
	dim-apply takes: 1.27293 s
	prune takes: 0.3962 s
step 1 (Total) : 1.66919 s
---------------------------------------------------------------
step 2 : m_(3, 5) = G * m_(5, 0).D()*13
	diag-reduce takes : 0.323331 s
	mmul-scalar takes : 0.0108962 s
	dim-apply takes: 0.416812 s
	prune takes: 0.417622 s
step 2 (Total) : 1.16874 s
---------------------------------------------------------------
step 3 : m_(1,3) = G.T() x m_(3,5).D()*6
	diag-reduce takes : 0.383324 s
	mmul-scalar takes : 0.010458 s
	dim-apply takes: 0.672382 s
	prune takes: 1.03518 s
step 3 (Total) : 2.10142 s
---------------------------------------------------------------
step 4 : m_(1,3) = {1@(43,43)} x m_(1,3)
	dim-apply takes: 0.0773132 s
	prune takes: 0.015336 s
step 4 (Total) : 0.0926831 s
---------------------------------------------------------------
step 5 : m_(4,3) = G.T() x m_(1,3).T().D()*8
	diag-reduce takes : 0.377438 s
	mmul-scalar takes : 0.0104399 s
	dim-apply takes: 0.644847 s
	prune takes: 1.01292 s
step 5 (Total) : 2.04571 s
---------------------------------------------------------------
step 6 : m_(2,4) = G.T() x m_(4,3).D()*6
	diag-reduce takes : 0.361073 s
	mmul-scalar takes : 0.0107169 s
	dim-apply takes: 0.669099 s
	prune takes: 0.963062 s
step 6 (Total) : 2.00402 s
---------------------------------------------------------------
step 7 : m_(2,4) = {1@(79,79)} x m_(2,4)
	dim-apply takes: 0.0696199 s
	prune takes: 1.90735e-06 s
step 7 (Total) : 0.0696452 s
---------------------------------------------------------------
step 8 : m_(6,4) = G x m_(2,4).T().D()*4
	diag-reduce takes : 0.385928 s
	mmul-scalar takes : 0.0103979 s
	dim-apply takes: 0.395534 s
	prune takes: 0.419805 s
step 8 (Total) : 1.21173 s
---------------------------------------------------------------
step 9 : m_(6,4) = m_(3,5).T().D() x m_(6,4)
	diag-reduce takes : 0.34434 s
	mmul-scalar takes : 1.19209e-06 s
	dim-apply takes: 0.0799601 s
	prune takes: 0.00373387 s
step 9 (Total) : 0.428085 s
---------------------------------------------------------------
step 10 : m_(3,5) = m_(3,5) x m_(6,4).D()
	diag-reduce takes : 0.296478 s
	mmul-scalar takes : 0 s
	dim-apply takes: 0.119272 s
	prune takes: 0.00785804 s
step 10 (Total) : 0.423658 s
---------------------------------------------------------------
step 11 : m_(4,3) = m_(6,4).T().D() x m_(4,3)
	diag-reduce takes : 0.333007 s
	mmul-scalar takes : 2.14577e-06 s
	dim-apply takes: 0.0910809 s
	prune takes: 0.0100081 s
step 11 (Total) : 0.43415 s
---------------------------------------------------------------
step 12 : m_(3,5) = m_(4,3).T().D() x m_(3,5)
	diag-reduce takes : 0.349055 s
	mmul-scalar takes : 9.53674e-07 s
	dim-apply takes: 0.085083 s
	prune takes: 0.00803781 s
step 12 (Total) : 0.442225 s
---------------------------------------------------------------
step 13 : m_(5,0) = m_(3,5).T().D() x m_(5,0)
	diag-reduce takes : 0.338848 s
	mmul-scalar takes : 9.53674e-07 s
	dim-apply takes: 0.0663118 s
	prune takes: 9.53674e-07 s
step 13 (Total) : 0.40521 s
---------------------------------------------------------------
1215871 [ 1215871, 1 ]
	enum takes 0.64209 s
	imbalance : 4.00627
---------------------------------------------------------------
query7 mmul_scalar time : 0.0529141 s
query7 prune time : 4.28977 s
query7 diag_reduce time : 3.49282 s
query7 dim_apply time : 4.66025 s
query7 time (Total) : 12.4965 s
