---------------------------------------------------------------
starting reading lubm10240 data......
Matrix is Float
Total number of nonzeros expected across all processors is 1366712443
File is 25140824453 bytes
As a whole: 336506397 rows and 336506397 columns and 1366485519 nonzeros
	read file takes : 91.3716 s
	original imbalance of G : 1.99284
	permutation takes : 229.891 s
	imbalance of permuted G : 1.16997
	transpose G takes : 8.84971 s
graph load (Total) : 330.665 s
---------------------------------------------------------------
step 1 : m_(5,0) = G x {1@(1345,1345)}*6
	dim-apply takes: 1.2402 s
	prune takes: 0.331416 s
step 1 (Total) : 1.57168 s
---------------------------------------------------------------
step 2 : m_(3, 5) = G * m_(5, 0).D()*13
	diag-reduce takes : 0.734289 s
	mmul-scalar takes : 0.0108662 s
	dim-apply takes: 0.433265 s
	prune takes: 0.352582 s
step 2 (Total) : 1.53109 s
---------------------------------------------------------------
step 3 : m_(1,3) = G.T() x m_(3,5).D()*6
	diag-reduce takes : 0.629028 s
	mmul-scalar takes : 0.0106339 s
	dim-apply takes: 0.57759 s
	prune takes: 0.689423 s
step 3 (Total) : 1.90675 s
---------------------------------------------------------------
step 4 : m_(1,3) = {1@(43,43)} x m_(1,3)
	dim-apply takes: 0.171808 s
	prune takes: 9.53674e-07 s
step 4 (Total) : 0.17183 s
---------------------------------------------------------------
step 5 : m_(4,3) = G.T() x m_(1,3).T().D()*8
	diag-reduce takes : 0.76224 s
	mmul-scalar takes : 0.0106111 s
	dim-apply takes: 0.547621 s
	prune takes: 0.732839 s
step 5 (Total) : 2.05338 s
---------------------------------------------------------------
step 6 : m_(2,4) = G.T() x m_(4,3).D()*6
	diag-reduce takes : 0.796503 s
	mmul-scalar takes : 0.0107641 s
	dim-apply takes: 0.597758 s
	prune takes: 0.690586 s
step 6 (Total) : 2.09569 s
---------------------------------------------------------------
step 7 : m_(2,4) = {1@(79,79)} x m_(2,4)
	dim-apply takes: 0.172679 s
	prune takes: 1.90735e-06 s
step 7 (Total) : 0.172704 s
---------------------------------------------------------------
step 8 : m_(6,4) = G x m_(2,4).T().D()*4
	diag-reduce takes : 0.609138 s
	mmul-scalar takes : 0.010694 s
	dim-apply takes: 0.376896 s
	prune takes: 0.354121 s
step 8 (Total) : 1.35092 s
---------------------------------------------------------------
step 9 : m_(6,4) = m_(3,5).T().D() x m_(6,4)
	diag-reduce takes : 0.374623 s
	mmul-scalar takes : 0 s
	dim-apply takes: 0.161338 s
	prune takes: 0.00376081 s
step 9 (Total) : 0.539771 s
---------------------------------------------------------------
step 10 : m_(3,5) = m_(3,5) x m_(6,4).D()
	diag-reduce takes : 0.536591 s
	mmul-scalar takes : 0 s
	dim-apply takes: 0.216394 s
	prune takes: 0.00782204 s
step 10 (Total) : 0.760865 s
---------------------------------------------------------------
step 11 : m_(4,3) = m_(6,4).T().D() x m_(4,3)
	diag-reduce takes : 0.379624 s
	mmul-scalar takes : 0 s
	dim-apply takes: 0.181781 s
	prune takes: 0.00996804 s
step 11 (Total) : 0.571429 s
---------------------------------------------------------------
step 12 : m_(3,5) = m_(4,3).T().D() x m_(3,5)
	diag-reduce takes : 0.400463 s
	mmul-scalar takes : 0 s
	dim-apply takes: 0.192726 s
	prune takes: 0.00800991 s
step 12 (Total) : 0.60125 s
---------------------------------------------------------------
step 13 : m_(5,0) = m_(3,5).T().D() x m_(5,0)
	diag-reduce takes : 0.387524 s
	mmul-scalar takes : 0 s
	dim-apply takes: 0.181844 s
	prune takes: 0.00253892 s
step 13 (Total) : 0.571957 s
---------------------------------------------------------------
1215871 [ 1215871, 1 ]
	enum takes 0.942343 s
	imbalance : 4.00521
---------------------------------------------------------------
query7 mmul_scalar time : 0.0535693 s
query7 prune time : 3.18307 s
query7 diag_reduce time : 5.61002 s
query7 dim_apply time : 5.0519 s
query7 time (Total) : 13.8994 s
