---------------------------------------------------------------
starting reading lubm10240 data......
Matrix is Float
Total number of nonzeros expected across all processors is 1366712443
File is 25140824453 bytes
As a whole: 336506397 rows and 336506397 columns and 1366485519 nonzeros
	read file takes : 20.8452 s
	original imbalance of G : 1.48066
	permutation takes : 46.2874 s
	imbalance of permuted G : 0.027751
	transpose G takes : 0.434699 s
graph load (Total) : 68.0803 s
---------------------------------------------------------------
step 1 : m_(5,0) = G x {1@(1345,1345)}*6
	dim-apply takes: 0.26108 s
	prune takes: 0.0213861 s
step 1 (Total) : 0.282512 s
---------------------------------------------------------------
step 2 : m_(3, 5) = G * m_(5, 0).D()*13
	diag-reduce takes : 0.146032 s
	mmul-scalar takes : 0.000389099 s
	dim-apply takes: 0.0449321 s
	prune takes: 0.023581 s
step 2 (Total) : 0.214985 s
---------------------------------------------------------------
step 3 : m_(1,3) = G.T() x m_(3,5).D()*6
	diag-reduce takes : 0.107278 s
	mmul-scalar takes : 0.000397921 s
	dim-apply takes: 0.044209 s
	prune takes: 0.025171 s
step 3 (Total) : 0.177102 s
---------------------------------------------------------------
step 4 : m_(1,3) = {1@(43,43)} x m_(1,3)
	dim-apply takes: 0.022259 s
	prune takes: 9.53674e-07 s
step 4 (Total) : 0.0222719 s
---------------------------------------------------------------
step 5 : m_(4,3) = G.T() x m_(1,3).T().D()*8
	diag-reduce takes : 0.215333 s
	mmul-scalar takes : 0.000383139 s
	dim-apply takes: 0.0453269 s
	prune takes: 0.029407 s
step 5 (Total) : 0.290504 s
---------------------------------------------------------------
step 6 : m_(2,4) = G.T() x m_(4,3).D()*6
	diag-reduce takes : 0.202909 s
	mmul-scalar takes : 0.000396013 s
	dim-apply takes: 0.0481021 s
	prune takes: 0.024924 s
step 6 (Total) : 0.276371 s
---------------------------------------------------------------
step 7 : m_(2,4) = {1@(79,79)} x m_(2,4)
	dim-apply takes: 0.0198929 s
	prune takes: 0 s
step 7 (Total) : 0.019907 s
---------------------------------------------------------------
step 8 : m_(6,4) = G x m_(2,4).T().D()*4
	diag-reduce takes : 0.198898 s
	mmul-scalar takes : 0.000383139 s
	dim-apply takes: 0.0449882 s
	prune takes: 0.023206 s
step 8 (Total) : 0.267513 s
---------------------------------------------------------------
step 9 : m_(6,4) = m_(3,5).T().D() x m_(6,4)
	diag-reduce takes : 0.100183 s
	mmul-scalar takes : 0 s
	dim-apply takes: 0.016376 s
	prune takes: 0.000251055 s
step 9 (Total) : 0.116837 s
---------------------------------------------------------------
step 10 : m_(3,5) = m_(3,5) x m_(6,4).D()
	diag-reduce takes : 0.0595479 s
	mmul-scalar takes : 0 s
	dim-apply takes: 0.0280688 s
	prune takes: 0.000500917 s
step 10 (Total) : 0.0881371 s
---------------------------------------------------------------
step 11 : m_(4,3) = m_(6,4).T().D() x m_(4,3)
	diag-reduce takes : 0.0626659 s
	mmul-scalar takes : 0 s
	dim-apply takes: 0.016891 s
	prune takes: 0.000535965 s
step 11 (Total) : 0.0801179 s
---------------------------------------------------------------
step 12 : m_(3,5) = m_(4,3).T().D() x m_(3,5)
	diag-reduce takes : 0.0617759 s
	mmul-scalar takes : 0 s
	dim-apply takes: 0.016212 s
	prune takes: 0.000470877 s
step 12 (Total) : 0.0784881 s
---------------------------------------------------------------
step 13 : m_(5,0) = m_(3,5).T().D() x m_(5,0)
	diag-reduce takes : 0.0624988 s
	mmul-scalar takes : 0 s
	dim-apply takes: 0.0151012 s
	prune takes: 9.53674e-07 s
step 13 (Total) : 0.077632 s
---------------------------------------------------------------
1215871 [ 1215871, 1 ]
	enum takes 0.116172 s
	imbalance : 16.095
---------------------------------------------------------------
query7 mmul_scalar time : 0.00194931 s
query7 prune time : 0.149436 s
query7 diag_reduce time : 1.21712 s
query7 dim_apply time : 0.623439 s
query7 time (Total) : 1.99245 s
