---------------------------------------------------------------
starting reading lubm10240 data......
Matrix is Float
Total number of nonzeros expected across all processors is 1366712443
File is 25140824453 bytes
As a whole: 336506397 rows and 336506397 columns and 1366485519 nonzeros
	read file takes : 22.672 s
	original imbalance of G : 1.48066
	permutation takes : 61.9103 s
	imbalance of permuted G : 3.09212
	transpose G takes : 0.479753 s
graph load (Total) : 85.7424 s
---------------------------------------------------------------
step 1 : m_(5,0) = G x {1@(1345,1345)}*6
	dim-apply takes: 0.485497 s
	prune takes: 0.025717 s
step 1 (Total) : 0.511284 s
---------------------------------------------------------------
step 2 : m_(3, 5) = G * m_(5, 0).D()*13
	diag-reduce takes : 0.227348 s
	mmul-scalar takes : 0.00112104 s
	dim-apply takes: 0.260799 s
	prune takes: 0.0277629 s
step 2 (Total) : 0.517159 s
---------------------------------------------------------------
step 3 : m_(1,3) = G.T() x m_(3,5).D()*6
	diag-reduce takes : 0.222691 s
	mmul-scalar takes : 0.00106382 s
	dim-apply takes: 0.256906 s
	prune takes: 0.0263698 s
step 3 (Total) : 0.50715 s
---------------------------------------------------------------
step 4 : m_(1,3) = {1@(43,43)} x m_(1,3)
	dim-apply takes: 0.0942729 s
	prune takes: 1.90735e-06 s
step 4 (Total) : 0.0943081 s
---------------------------------------------------------------
step 5 : m_(4,3) = G.T() x m_(1,3).T().D()*8
	diag-reduce takes : 0.640275 s
	mmul-scalar takes : 0.000872135 s
	dim-apply takes: 0.240831 s
	prune takes: 0.0301321 s
step 5 (Total) : 0.912195 s
---------------------------------------------------------------
step 6 : m_(2,4) = G.T() x m_(4,3).D()*6
	diag-reduce takes : 0.372966 s
	mmul-scalar takes : 0.00101995 s
	dim-apply takes: 0.247955 s
	prune takes: 0.026185 s
step 6 (Total) : 0.64825 s
---------------------------------------------------------------
step 7 : m_(2,4) = {1@(79,79)} x m_(2,4)
	dim-apply takes: 0.085681 s
	prune takes: 9.53674e-07 s
step 7 (Total) : 0.085712 s
---------------------------------------------------------------
step 8 : m_(6,4) = G x m_(2,4).T().D()*4
	diag-reduce takes : 0.618122 s
	mmul-scalar takes : 0.00130892 s
	dim-apply takes: 0.242988 s
	prune takes: 0.0275102 s
step 8 (Total) : 0.890025 s
---------------------------------------------------------------
step 9 : m_(6,4) = m_(3,5).T().D() x m_(6,4)
	diag-reduce takes : 0.428778 s
	mmul-scalar takes : 0 s
	dim-apply takes: 0.0556591 s
	prune takes: 0.000344038 s
step 9 (Total) : 0.484851 s
---------------------------------------------------------------
step 10 : m_(3,5) = m_(3,5) x m_(6,4).D()
	diag-reduce takes : 0.178699 s
	mmul-scalar takes : 0 s
	dim-apply takes: 0.225029 s
	prune takes: 0.000645876 s
step 10 (Total) : 0.404446 s
---------------------------------------------------------------
step 11 : m_(4,3) = m_(6,4).T().D() x m_(4,3)
	diag-reduce takes : 0.466255 s
	mmul-scalar takes : 0 s
	dim-apply takes: 0.046597 s
	prune takes: 0.00067997 s
step 11 (Total) : 0.513596 s
---------------------------------------------------------------
step 12 : m_(3,5) = m_(4,3).T().D() x m_(3,5)
	diag-reduce takes : 0.446442 s
	mmul-scalar takes : 0 s
	dim-apply takes: 0.059922 s
	prune takes: 0.000598907 s
step 12 (Total) : 0.507033 s
---------------------------------------------------------------
step 13 : m_(5,0) = m_(3,5).T().D() x m_(5,0)
	diag-reduce takes : 0.444242 s
	mmul-scalar takes : 0 s
	dim-apply takes: 0.048646 s
	prune takes: 2.14577e-06 s
step 13 (Total) : 0.492953 s
---------------------------------------------------------------
1215871 [ 1215871, 1 ]
	enum takes 0.657204 s
	imbalance : 16.1143
---------------------------------------------------------------
query7 mmul_scalar time : 0.00538588 s
query7 prune time : 0.165951 s
query7 diag_reduce time : 4.04582 s
query7 dim_apply time : 2.35078 s
query7 time (Total) : 6.56907 s
