###############################################################
Load Matrix
###############################################################
---------------------------------------------------------------
starting reading lubm100k data......
Matrix is Float
Total number of nonzeros expected across all processors is 14148811080
File is 292810977573 bytes
As a whole: 3365100502 rows and 3365100502 columns and 13665278162 nonzeros
	read file takes : 179.438 s
	original imbalance of G : 64.0016
	permutation takes : 336.201 s
	imbalance of permuted G : 6.06819
	transpose G takes : 0.328705 s
graph load (Total) : 517.339 s
---------------------------------------------------------------

###############################################################
Query 1
###############################################################
---------------------------------------------------------------
step 1 : m_(5,0) = G x {1@(1345,1345)}*6
	dim-apply takes: 0.920447 s
	prune takes: 0.011657 s
step 1 (Total) : 0.932165 s
---------------------------------------------------------------
step 2 : m_(3, 5) = G * m_(5, 0).D()*13
	diag-reduce takes : 0.950534 s
	mmul-scalar takes : 0.000947952 s
	dim-apply takes: 0.711543 s
	prune takes: 0.0107148 s
step 2 (Total) : 1.67381 s
---------------------------------------------------------------
step 3 : m_(1,3) = G.T() x m_(3,5).D()*6
	diag-reduce takes : 0.137359 s
	mmul-scalar takes : 0.00065589 s
	dim-apply takes: 0.643037 s
	prune takes: 0.011342 s
step 3 (Total) : 0.792448 s
---------------------------------------------------------------
step 4 : m_(1,3) = {1@(43,43)} x m_(1,3)
	dim-apply takes: 0.426303 s
	prune takes: 9.53674e-07 s
step 4 (Total) : 0.426333 s
---------------------------------------------------------------
step 5 : m_(4,3) = G.T() x m_(1,3).T().D()*8
	diag-reduce takes : 0.814989 s
	mmul-scalar takes : 0.000611067 s
	dim-apply takes: 0.663789 s
	prune takes: 0.0110819 s
step 5 (Total) : 1.49054 s
---------------------------------------------------------------
step 6 : m_(2,4) = G.T() x m_(4,3).D()*6
	diag-reduce takes : 0.131124 s
	mmul-scalar takes : 0.000607014 s
	dim-apply takes: 0.570509 s
	prune takes: 0.0112178 s
step 6 (Total) : 0.713507 s
---------------------------------------------------------------
step 7 : m_(2,4) = {1@(79,79)} x m_(2,4)
	dim-apply takes: 0.342942 s
	prune takes: 9.53674e-07 s
step 7 (Total) : 0.342966 s
---------------------------------------------------------------
step 8 : m_(6,4) = G x m_(2,4).T().D()*4
	diag-reduce takes : 0.977088 s
	mmul-scalar takes : 0.000614882 s
	dim-apply takes: 0.600856 s
	prune takes: 0.0115111 s
step 8 (Total) : 1.59014 s
---------------------------------------------------------------
step 9 : m_(6,4) = m_(3,5).T().D() x m_(6,4)
	diag-reduce takes : 0.81128 s
	mmul-scalar takes : 0 s
	dim-apply takes: 0.208951 s
	prune takes: 9.53674e-07 s
step 9 (Total) : 1.02028 s
---------------------------------------------------------------
step 10 : m_(3,5) = m_(3,5) x m_(6,4).D()
	diag-reduce takes : 0.0667841 s
	mmul-scalar takes : 0 s
	dim-apply takes: 0.611916 s
	prune takes: 9.53674e-07 s
step 10 (Total) : 0.678733 s
---------------------------------------------------------------
step 11 : m_(4,3) = m_(6,4).T().D() x m_(4,3)
	diag-reduce takes : 0.892662 s
	mmul-scalar takes : 0 s
	dim-apply takes: 0.146216 s
	prune takes: 9.53674e-07 s
step 11 (Total) : 1.03892 s
---------------------------------------------------------------
step 12 : m_(3,5) = m_(4,3).T().D() x m_(3,5)
	diag-reduce takes : 0.815317 s
	mmul-scalar takes : 0 s
	dim-apply takes: 0.146586 s
	prune takes: 1.19209e-05 s
step 12 (Total) : 0.961962 s
---------------------------------------------------------------
step 13 : m_(5,0) = m_(3,5).T().D() x m_(5,0)
	diag-reduce takes : 0.919387 s
	mmul-scalar takes : 0 s
	dim-apply takes: 0.143434 s
	prune takes: 1.90735e-06 s
step 13 (Total) : 1.06287 s
---------------------------------------------------------------
0 [ 0, 0 ]
	enum takes 0.952059 s
	imbalance : 1
---------------------------------------------------------------
query1 mmul_scalar time : 0.0034368 s
query1 prune time : 0.0675433 s
query1 diag_reduce time : 6.51652 s
query1 dim_apply time : 6.13653 s
query1 time (Total) : 12.7248 s

###############################################################
Query 2
###############################################################
---------------------------------------------------------------
step 1 : m_(1,0) = G x {1@(79,79)}*6
	dim-apply takes: 0.649456 s
	prune takes: 0.0115421 s
step 1 (Total) : 0.661046 s
---------------------------------------------------------------
step 2 : m_(2,1) = G.T() * m_(1,0).D()*3
	diag-reduce takes : 0.72602 s
	mmul-scalar takes : 0.000914097 s
	dim-apply takes: 0.718909 s
	prune takes: 0.0146201 s
step 2 (Total) : 1.46054 s
---------------------------------------------------------------
step 3 : m_(1,0) = m_(2,1).T().D() x m_(1,0)
	diag-reduce takes : 0.826041 s
	mmul-scalar takes : 0 s
	dim-apply takes: 0.361248 s
	prune takes: 9.53674e-07 s
step 3 (Total) : 1.18734 s
---------------------------------------------------------------
110583289 [ 110583289, 1 ]
	enum takes 1.44723 s
	imbalance : 64.1021
---------------------------------------------------------------
query2 mmul_scalar time : 0.000914097 s
query2 prune time : 0.0261631 s
query2 diag_reduce time : 1.55206 s
query2 dim_apply time : 1.72961 s
query2 time (Total) : 3.30898 s

###############################################################
Query 3
###############################################################
---------------------------------------------------------------
step 1 : m_(5,0) = G x {1@(22638,22638)}*6
	dim-apply takes: 0.628181 s
	prune takes: 0.011585 s
step 1 (Total) : 0.63981 s
---------------------------------------------------------------
step 2 : m_(3, 5) = G * m_(5, 0).D()*10
	diag-reduce takes : 0.759254 s
	mmul-scalar takes : 0.000919104 s
	dim-apply takes: 0.673751 s
	prune takes: 0.010407 s
step 2 (Total) : 1.44439 s
---------------------------------------------------------------
step 3 : m_(1,3) = G.T() x m_(3,5).D()*6
	diag-reduce takes : 0.147408 s
	mmul-scalar takes : 0.000616074 s
	dim-apply takes: 0.62888 s
	prune takes: 0.0112219 s
step 3 (Total) : 0.78818 s
---------------------------------------------------------------
step 4 : m_(1,3) = {1@(43,43)} x m_(1,3)
	dim-apply takes: 0.285623 s
	prune takes: 2.14577e-06 s
step 4 (Total) : 0.285648 s
---------------------------------------------------------------
step 5 : m_(4,3) = G.T() x m_(1,3).T().D()*2
	diag-reduce takes : 0.88712 s
	mmul-scalar takes : 0.000828981 s
	dim-apply takes: 0.612771 s
	prune takes: 0.0111182 s
step 5 (Total) : 1.5119 s
---------------------------------------------------------------
0 [ 0, 0 ]
	enum takes 0.862841 s
	imbalance : 1
---------------------------------------------------------------
query3 mmul_scalar time : 0.00236416 s
query3 prune time : 0.0443342 s
query3 diag_reduce time : 1.79378 s
query3 dim_apply time : 2.82921 s
query3 time (Total) : 4.67002 s

###############################################################
Query 4
###############################################################
---------------------------------------------------------------
step 1 : m_(2,0) = G x {1@(11,11)}*5
	dim-apply takes: 0.586188 s
	prune takes: 0.0113809 s
step 1 (Total) : 0.597619 s
---------------------------------------------------------------
step 2 : m_(1,2) = G.T() x m_(2,0).D()*6
	diag-reduce takes : 0.72236 s
	mmul-scalar takes : 0.000977993 s
	dim-apply takes: 0.66132 s
	prune takes: 0.01143 s
step 2 (Total) : 1.39615 s
---------------------------------------------------------------
step 3 : m_(1,0) = m_(2,1).T().D() x m_(1,0)
	dim-apply takes: 0.475242 s
	prune takes: 2.40803e-05 s
step 3 (Total) : 0.475297 s
---------------------------------------------------------------
step 4 : m_(3,2) = G.T() x m_(1,2).T().D()*3
	diag-reduce takes : 0.735759 s
	mmul-scalar takes : 0.000660896 s
	dim-apply takes: 0.654969 s
	prune takes: 0.011219 s
step 4 (Total) : 1.40267 s
---------------------------------------------------------------
step 5 : m_(4,2) = G.T() x m_(3,2).T().D()*12
	diag-reduce takes : 0.807081 s
	mmul-scalar takes : 0.000849009 s
	dim-apply takes: 0.674912 s
	prune takes: 0.010746 s
step 5 (Total) : 1.49365 s
---------------------------------------------------------------
step 6 : m_(5,2) = G.T() x m_(4,2).T().D()*9
	diag-reduce takes : 0.828414 s
	mmul-scalar takes : 0.000702143 s
	dim-apply takes: 0.620788 s
	prune takes: 0.0107279 s
step 6 (Total) : 1.4607 s
---------------------------------------------------------------
step 7 : m_(2,0) = m_(5,2).T().D() x m_(2,0)
	diag-reduce takes : 0.809887 s
	mmul-scalar takes : 0 s
	dim-apply takes: 0.217215 s
	prune takes: 0 s
step 7 (Total) : 1.02717 s
---------------------------------------------------------------
9 [ 9, 1 ]
	enum takes 1.47932 s
	imbalance : 455.111
---------------------------------------------------------------
query4 mmul_scalar time : 0.00319004 s
query4 prune time : 0.0555279 s
query4 diag_reduce time : 3.9035 s
query4 dim_apply time : 3.89063 s
query4 time (Total) : 7.85337 s

###############################################################
Query 5
###############################################################
---------------------------------------------------------------
step 1 : m_(2,0) = G x {1@(11,11)}*11
	dim-apply takes: 0.664837 s
	prune takes: 0.0115571 s
step 1 (Total) : 0.67644 s
---------------------------------------------------------------
step 2 : G.T() x m_(2,0).D()*6
	diag-reduce takes : 0.705239 s
	mmul-scalar takes : 0.000795126 s
	dim-apply takes: 0.642993 s
	prune takes: 0.011955 s
step 2 (Total) : 1.36105 s
---------------------------------------------------------------
step 3 : m_(1,2) = {1@(357,357)} x m_(1,2)
	dim-apply takes: 0.329055 s
	prune takes: 3.29018e-05 s
step 3 (Total) : 0.329127 s
---------------------------------------------------------------
step 4 : m_(2,0) = m_(1,2).T().D() x m_(2,0)
	diag-reduce takes : 0.906165 s
	mmul-scalar takes : 0 s
	dim-apply takes: 0.144653 s
	prune takes: 9.53674e-07 s
step 4 (Total) : 1.05087 s
---------------------------------------------------------------
10 [ 10, 1 ]
	enum takes 1.39493 s
	imbalance : 409.6
---------------------------------------------------------------
query5 mmul_scalar time : 0.000795126 s
query5 prune time : 0.023546 s
query5 diag_reduce time : 1.6114 s
query5 dim_apply time : 1.78154 s
query5 time (Total) : 3.41754 s

###############################################################
Query 6
###############################################################
---------------------------------------------------------------
step 1 : m_(3,0) = G x {1@(1345,1345)}*6
	dim-apply takes: 0.849451 s
	prune takes: 0.0116861 s
step 1 (Total) : 0.861184 s
---------------------------------------------------------------
step 2 : m_(4,3) = G.T() x m_(3,0).D()*5
	diag-reduce takes : 0.736075 s
	mmul-scalar takes : 0.000937939 s
	dim-apply takes: 0.702471 s
	prune takes: 0.0110321 s
step 2 (Total) : 1.45058 s
---------------------------------------------------------------
step 3 : m_(1,4) = G.T() x m_(4,3).D()*6
	diag-reduce takes : 0.77585 s
	mmul-scalar takes : 0.000936031 s
	dim-apply takes: 0.671198 s
	prune takes: 0.010417 s
step 3 (Total) : 1.45847 s
---------------------------------------------------------------
step 4 : m_(1,4) = {1@(22638,22638)} x m_(1,4)
	dim-apply takes: 0.447891 s
	prune takes: 4.05312e-06 s
step 4 (Total) : 0.447949 s
---------------------------------------------------------------
step 5 : m_(2,4) = G.T() x m_(1,4).T().D()*11
	diag-reduce takes : 0.787191 s
	mmul-scalar takes : 0.000791073 s
	dim-apply takes: 0.655707 s
	prune takes: 0.0107729 s
step 5 (Total) : 1.45453 s
---------------------------------------------------------------
step 6 : m_(2,4) = {1@(40169,40169)} x m_(2,4)
	dim-apply takes: 0.222134 s
	prune takes: 9.53674e-07 s
step 6 (Total) : 0.222177 s
---------------------------------------------------------------
step 7 : m_(4,3) = m_(2,4).T().D() x m_(4,3)
	diag-reduce takes : 1.05604 s
	mmul-scalar takes : 0 s
	dim-apply takes: 0.146695 s
	prune takes: 2.47955e-05 s
step 7 (Total) : 1.20281 s
---------------------------------------------------------------
step 8 : m_(3,0) = m_(4,3).T().D() x m_(3,0)
	diag-reduce takes : 0.817616 s
	mmul-scalar takes : 0 s
	dim-apply takes: 0.144569 s
	prune takes: 0 s
step 8 (Total) : 0.962232 s
---------------------------------------------------------------
117 [ 117, 1 ]
	enum takes 1.34802 s
	imbalance : 175.043
---------------------------------------------------------------
query6 mmul_scalar time : 0.00266504 s
query6 prune time : 0.0439379 s
query6 diag_reduce time : 4.17277 s
query6 dim_apply time : 3.84012 s
query6 time (Total) : 8.06003 s

###############################################################
Query 7
###############################################################
---------------------------------------------------------------
step 1 : m_(5,0) = G x {1@(1345,1345)}*6
	dim-apply takes: 0.723422 s
	prune takes: 0.011704 s
step 1 (Total) : 0.735174 s
---------------------------------------------------------------
step 2 : m_(3, 5) = G x m_(5, 0).D()*13
	diag-reduce takes : 0.761592 s
	mmul-scalar takes : 0.000993013 s
	dim-apply takes: 0.655357 s
	prune takes: 0.01335 s
step 2 (Total) : 1.43136 s
---------------------------------------------------------------
step 3 : m_(1,3) = G.T() x m_(3,5).D()*6
	diag-reduce takes : 0.773456 s
	mmul-scalar takes : 0.000911951 s
	dim-apply takes: 0.729979 s
	prune takes: 0.010848 s
step 3 (Total) : 1.51528 s
---------------------------------------------------------------
step 4 : m_(1,3) = {1@(43,43)} x m_(1,3)
	dim-apply takes: 0.461661 s
	prune takes: 1.90735e-06 s
step 4 (Total) : 0.461703 s
---------------------------------------------------------------
step 5 : m_(4,3) = G.T() x m_(1,3).T().D()*8
	diag-reduce takes : 0.743049 s
	mmul-scalar takes : 0.000781059 s
	dim-apply takes: 0.660038 s
	prune takes: 0.0152478 s
step 5 (Total) : 1.41918 s
---------------------------------------------------------------
step 6 : m_(2,4) = G.T() x m_(4,3).D()*6
	diag-reduce takes : 0.708705 s
	mmul-scalar takes : 0.000941992 s
	dim-apply takes: 0.643137 s
	prune takes: 0.0106132 s
step 6 (Total) : 1.36346 s
---------------------------------------------------------------
step 7 : m_(2,4) = {1@(79,79)} x m_(2,4)
	dim-apply takes: 0.217549 s
	prune takes: 1.90735e-06 s
step 7 (Total) : 0.217588 s
---------------------------------------------------------------
step 8 : m_(6,4) = G x m_(2,4).T().D()*4
	diag-reduce takes : 0.934534 s
	mmul-scalar takes : 0.000679016 s
	dim-apply takes: 0.68448 s
	prune takes: 0.0128691 s
step 8 (Total) : 1.63263 s
---------------------------------------------------------------
step 9 : m_(6,4) = m_(3,5).T().D() x m_(6,4)
	diag-reduce takes : 0.80436 s
	mmul-scalar takes : 0 s
	dim-apply takes: 0.14736 s
	prune takes: 0.00020504 s
step 9 (Total) : 0.951976 s
---------------------------------------------------------------
step 10 : m_(3,5) = m_(3,5) x m_(6,4).D()
	diag-reduce takes : 0.772432 s
	mmul-scalar takes : 0 s
	dim-apply takes: 0.602702 s
	prune takes: 0.000341177 s
step 10 (Total) : 1.37553 s
---------------------------------------------------------------
step 11 : m_(4,3) = m_(6,4).T().D() x m_(4,3)
	diag-reduce takes : 0.845032 s
	mmul-scalar takes : 0 s
	dim-apply takes: 0.1478 s
	prune takes: 0.000357151 s
step 11 (Total) : 0.993239 s
---------------------------------------------------------------
step 12 : m_(3,5) = m_(4,3).T().D() x m_(3,5)
	diag-reduce takes : 0.941443 s
	mmul-scalar takes : 0 s
	dim-apply takes: 0.148863 s
	prune takes: 0.000277042 s
step 12 (Total) : 1.09064 s
---------------------------------------------------------------
step 13 : m_(5,0) = m_(3,5).T().D() x m_(5,0)
	diag-reduce takes : 0.953595 s
	mmul-scalar takes : 0 s
	dim-apply takes: 0.144062 s
	prune takes: 9.53674e-07 s
step 13 (Total) : 1.09771 s
---------------------------------------------------------------
12164065 [ 12164065, 1 ]
	enum takes 1.57311 s
	imbalance : 64.3948
---------------------------------------------------------------
query7 mmul_scalar time : 0.00430703 s
query7 prune time : 0.0758173 s
query7 diag_reduce time : 8.2382 s
query7 dim_apply time : 5.96641 s
query7 time (Total) : 14.2856 s
